[INFO ] 2017-08-09 08:15:33.161 [qtp33016375-10] SondaTempRestController - REST - Get Sonda RTD with address=102.
[INFO ] 2017-08-09 08:15:33.294 [qtp33016375-10] SondaTempRestController - Sonda RTD INFO: [
id=SondaTemp
nom=Sonda TempºC
address=102
unitats=ºC
stateSonda=-->(es.fdvcode.pipool.model.sonda.StateSonda):
[
sonda=es.fdvcode.pipool.model.sonda.Sonda@1381a9c
valor=<null>]
]

[INFO ] 2017-08-09 08:17:06.510 [qtp33016375-16] SondaTempRestController - REST - READ en Sonda RTD with address=102.
[INFO ] 2017-08-09 08:17:07.616 [qtp33016375-16] SondaTempRestController - Sonda RTD INFO: [
id=SondaTemp
nom=Sonda TempºC
address=102
unitats=ºC
stateSonda=-->(es.fdvcode.pipool.model.sonda.StateSonda):
[
sonda=es.fdvcode.pipool.model.sonda.Sonda@1381a9c
valor=30.164]
]

[INFO ] 2017-08-09 08:17:47.003 [qtp33016375-12] SondaTempRestController - REST - Get Sonda RTD with address=102.
[INFO ] 2017-08-09 08:17:47.018 [qtp33016375-12] SondaTempRestController - Sonda RTD INFO: [
id=SondaTemp
nom=Sonda TempºC
address=102
unitats=ºC
stateSonda=-->(es.fdvcode.pipool.model.sonda.StateSonda):
[
sonda=es.fdvcode.pipool.model.sonda.Sonda@1381a9c
valor=30.164]
]

[INFO ] 2017-08-09 08:18:03.686 [qtp33016375-16] RpiStateRestController - REST - Get Info rPi.
[INFO ] 2017-08-09 08:18:04.099 [qtp33016375-16] RpiStateRestController - rPi INFO: [

head=DateTimeActual=Wed Aug 09 08:18:03 CEST 2017
tail=NetworkList=Selected interface 'wlan0'
network id / ssid / bssid / flags
0	WIFI HABITACIONS	any	[CURRENT]

accessOrder=false]

[INFO ] 2017-08-09 08:20:13.934 [qtp33016375-14] SondaTempRestController - REST - Get Sonda RTD with address=102.
[INFO ] 2017-08-09 08:20:13.944 [qtp33016375-14] SondaTempRestController - Sonda RTD INFO: [
id=SondaTemp
nom=Sonda TempºC
address=102
unitats=ºC
stateSonda=-->(es.fdvcode.pipool.model.sonda.StateSonda):
[
sonda=es.fdvcode.pipool.model.sonda.Sonda@1381a9c
valor=30.164]
]

[INFO ] 2017-08-09 08:21:30.780 [qtp33016375-12] SondaTempRestController - REST - LED OFF All Sondes.
[INFO ] 2017-08-09 08:21:48.672 [qtp33016375-16] SondaTempRestController - REST - LED ON All Sondes.
[INFO ] 2017-08-09 08:23:54.149 [qtp33016375-14] SondaTempRestController - REST - LED OFF All Sondes.
[INFO ] 2017-08-09 08:24:17.418 [qtp33016375-15] SondaTempRestController - REST - READ en Sonda RTD with address=102.
[INFO ] 2017-08-09 08:24:18.461 [qtp33016375-15] SondaTempRestController - Sonda RTD INFO: [
id=SondaTemp
nom=Sonda TempºC
address=102
unitats=ºC
stateSonda=-->(es.fdvcode.pipool.model.sonda.StateSonda):
[
sonda=es.fdvcode.pipool.model.sonda.Sonda@1381a9c
valor=30.454]
]

[INFO ] 2017-08-09 08:24:24.595 [qtp33016375-17] SondaTempRestController - REST - Get Sonda RTD with address=102.
[INFO ] 2017-08-09 08:24:24.607 [qtp33016375-17] SondaTempRestController - Sonda RTD INFO: [
id=SondaTemp
nom=Sonda TempºC
address=102
unitats=ºC
stateSonda=-->(es.fdvcode.pipool.model.sonda.StateSonda):
[
sonda=es.fdvcode.pipool.model.sonda.Sonda@1381a9c
valor=30.454]
]

[INFO ] 2017-08-09 08:24:26.636 [qtp33016375-12] SondaTempRestController - REST - Get Sonda RTD with address=102.
[INFO ] 2017-08-09 08:24:26.645 [qtp33016375-12] SondaTempRestController - Sonda RTD INFO: [
id=SondaTemp
nom=Sonda TempºC
address=102
unitats=ºC
stateSonda=-->(es.fdvcode.pipool.model.sonda.StateSonda):
[
sonda=es.fdvcode.pipool.model.sonda.Sonda@1381a9c
valor=30.454]
]

[INFO ] 2017-08-09 08:24:27.329 [qtp33016375-16] SondaTempRestController - REST - Get Sonda RTD with address=102.
[INFO ] 2017-08-09 08:24:27.334 [qtp33016375-16] SondaTempRestController - Sonda RTD INFO: [
id=SondaTemp
nom=Sonda TempºC
address=102
unitats=ºC
stateSonda=-->(es.fdvcode.pipool.model.sonda.StateSonda):
[
sonda=es.fdvcode.pipool.model.sonda.Sonda@1381a9c
valor=30.454]
]

[INFO ] 2017-08-09 08:24:28.055 [qtp33016375-10] SondaTempRestController - REST - Get Sonda RTD with address=102.
[INFO ] 2017-08-09 08:24:28.065 [qtp33016375-10] SondaTempRestController - Sonda RTD INFO: [
id=SondaTemp
nom=Sonda TempºC
address=102
unitats=ºC
stateSonda=-->(es.fdvcode.pipool.model.sonda.StateSonda):
[
sonda=es.fdvcode.pipool.model.sonda.Sonda@1381a9c
valor=30.454]
]

[INFO ] 2017-08-09 08:24:28.663 [qtp33016375-13] SondaTempRestController - REST - Get Sonda RTD with address=102.
[INFO ] 2017-08-09 08:24:28.670 [qtp33016375-13] SondaTempRestController - Sonda RTD INFO: [
id=SondaTemp
nom=Sonda TempºC
address=102
unitats=ºC
stateSonda=-->(es.fdvcode.pipool.model.sonda.StateSonda):
[
sonda=es.fdvcode.pipool.model.sonda.Sonda@1381a9c
valor=30.454]
]

[INFO ] 2017-08-09 08:24:29.265 [qtp33016375-14] SondaTempRestController - REST - Get Sonda RTD with address=102.
[INFO ] 2017-08-09 08:24:29.273 [qtp33016375-14] SondaTempRestController - Sonda RTD INFO: [
id=SondaTemp
nom=Sonda TempºC
address=102
unitats=ºC
stateSonda=-->(es.fdvcode.pipool.model.sonda.StateSonda):
[
sonda=es.fdvcode.pipool.model.sonda.Sonda@1381a9c
valor=30.454]
]

[INFO ] 2017-08-09 08:48:09.177 [qtp33016375-17] SondaTempRestController - REST - LED GET STATE en Sonda RTD with address=102.
[INFO ] 2017-08-09 08:48:09.702 [qtp33016375-17] SondaTempRestController - Sonda SondaTemp - LED is ON? false
[INFO ] 2017-08-09 09:30:38.691 [qtp14531966-12] RelesRestController - REST - Get Rele with id=ontemporal.
[WARN ] 2017-08-09 09:30:38.711 [qtp14531966-12] RelesRestController - Rele with id=ontemporal not found.
[INFO ] 2017-08-09 09:31:06.246 [qtp14531966-13] RelesRestController - REST - Set Rele [ON TEMPORAL] with id=ReleBomba, minuts=5.
[INFO ] 2017-08-09 09:31:06.275 [qtp14531966-13] RelesRestController - Rele INFO: [
id=ReleBomba
nom=Motor Bomba Filtre
gpioPin=25
gpioStateWhenReleOn=false
idReleMaster=<null>
calendars={
1:-->(es.fdvcode.pipool.model.rele.CalendarRele):
[
id=ProgBombaEstiu
nom=Programació Bomba Estiu
rele=es.fdvcode.pipool.model.rele.Rele@1665803
diaIni=1
mesIni=6
diaFin=30
mesFin=9
listFrangesHoraries={
1:-->(es.fdvcode.pipool.model.rele.FranjaHoraria):
[
calendarRele=es.fdvcode.pipool.model.rele.CalendarRele@1a1a01f
horaIni=8
minutIni=0
horaFin=9
minutFin=0]

2:-->(es.fdvcode.pipool.model.rele.FranjaHoraria):
[
calendarRele=es.fdvcode.pipool.model.rele.CalendarRele@1a1a01f
horaIni=11
minutIni=0
horaFin=14
minutFin=0]

3:-->(es.fdvcode.pipool.model.rele.FranjaHoraria):
[
calendarRele=es.fdvcode.pipool.model.rele.CalendarRele@1a1a01f
horaIni=16
minutIni=0
horaFin=19
minutFin=0]

4:-->(es.fdvcode.pipool.model.rele.FranjaHoraria):
[
calendarRele=es.fdvcode.pipool.model.rele.CalendarRele@1a1a01f
horaIni=22
minutIni=0
horaFin=23
minutFin=30]

}
]

2:-->(es.fdvcode.pipool.model.rele.CalendarRele):
[
id=ProgBombaHivern
nom=Programació Bomba Hivern
rele=es.fdvcode.pipool.model.rele.Rele@1665803
diaIni=1
mesIni=10
diaFin=30
mesFin=5
listFrangesHoraries={
1:-->(es.fdvcode.pipool.model.rele.FranjaHoraria):
[
calendarRele=es.fdvcode.pipool.model.rele.CalendarRele@13001fa
horaIni=6
minutIni=0
horaFin=9
minutFin=0]

2:-->(es.fdvcode.pipool.model.rele.FranjaHoraria):
[
calendarRele=es.fdvcode.pipool.model.rele.CalendarRele@13001fa
horaIni=21
minutIni=0
horaFin=23
minutFin=30]

}
]

}

stateRele=-->(es.fdvcode.pipool.model.rele.StateRele):
[
rele=es.fdvcode.pipool.model.rele.Rele@1665803
isOn=true
gpioPinHigh=false
activacioManual=false
desactivacioManual=false
desactivacioReleMaster=false
activacioTemporal=-->(es.fdvcode.pipool.model.rele.FranjaHoraria):
[
calendarRele=<null>
horaIni=9
minutIni=31
horaFin=9
minutFin=36]

activacioProgramada={
}
]
]

[INFO ] 2017-08-09 09:31:52.283 [qtp14531966-13] RelesRestController - REST - Get Rele with id=ReleBomba.
[INFO ] 2017-08-09 09:31:52.293 [qtp14531966-13] RelesRestController - Rele INFO: [
id=ReleBomba
nom=Motor Bomba Filtre
gpioPin=25
gpioStateWhenReleOn=false
idReleMaster=<null>
calendars={
1:-->(es.fdvcode.pipool.model.rele.CalendarRele):
[
id=ProgBombaEstiu
nom=Programació Bomba Estiu
rele=es.fdvcode.pipool.model.rele.Rele@1665803
diaIni=1
mesIni=6
diaFin=30
mesFin=9
listFrangesHoraries={
1:-->(es.fdvcode.pipool.model.rele.FranjaHoraria):
[
calendarRele=es.fdvcode.pipool.model.rele.CalendarRele@1a1a01f
horaIni=8
minutIni=0
horaFin=9
minutFin=0]

2:-->(es.fdvcode.pipool.model.rele.FranjaHoraria):
[
calendarRele=es.fdvcode.pipool.model.rele.CalendarRele@1a1a01f
horaIni=11
minutIni=0
horaFin=14
minutFin=0]

3:-->(es.fdvcode.pipool.model.rele.FranjaHoraria):
[
calendarRele=es.fdvcode.pipool.model.rele.CalendarRele@1a1a01f
horaIni=16
minutIni=0
horaFin=19
minutFin=0]

4:-->(es.fdvcode.pipool.model.rele.FranjaHoraria):
[
calendarRele=es.fdvcode.pipool.model.rele.CalendarRele@1a1a01f
horaIni=22
minutIni=0
horaFin=23
minutFin=30]

}
]

2:-->(es.fdvcode.pipool.model.rele.CalendarRele):
[
id=ProgBombaHivern
nom=Programació Bomba Hivern
rele=es.fdvcode.pipool.model.rele.Rele@1665803
diaIni=1
mesIni=10
diaFin=30
mesFin=5
listFrangesHoraries={
1:-->(es.fdvcode.pipool.model.rele.FranjaHoraria):
[
calendarRele=es.fdvcode.pipool.model.rele.CalendarRele@13001fa
horaIni=6
minutIni=0
horaFin=9
minutFin=0]

2:-->(es.fdvcode.pipool.model.rele.FranjaHoraria):
[
calendarRele=es.fdvcode.pipool.model.rele.CalendarRele@13001fa
horaIni=21
minutIni=0
horaFin=23
minutFin=30]

}
]

}

stateRele=-->(es.fdvcode.pipool.model.rele.StateRele):
[
rele=es.fdvcode.pipool.model.rele.Rele@1665803
isOn=true
gpioPinHigh=false
activacioManual=false
desactivacioManual=false
desactivacioReleMaster=false
activacioTemporal=-->(es.fdvcode.pipool.model.rele.FranjaHoraria):
[
calendarRele=<null>
horaIni=9
minutIni=31
horaFin=9
minutFin=36]

activacioProgramada={
}
]
]

[INFO ] 2017-08-09 09:36:49.207 [qtp14531966-14] RelesRestController - REST - Get Rele with id=ReleBomba.
[INFO ] 2017-08-09 09:36:49.216 [qtp14531966-14] RelesRestController - Rele INFO: [
id=ReleBomba
nom=Motor Bomba Filtre
gpioPin=25
gpioStateWhenReleOn=false
idReleMaster=<null>
calendars={
1:-->(es.fdvcode.pipool.model.rele.CalendarRele):
[
id=ProgBombaEstiu
nom=Programació Bomba Estiu
rele=es.fdvcode.pipool.model.rele.Rele@1665803
diaIni=1
mesIni=6
diaFin=30
mesFin=9
listFrangesHoraries={
1:-->(es.fdvcode.pipool.model.rele.FranjaHoraria):
[
calendarRele=es.fdvcode.pipool.model.rele.CalendarRele@1a1a01f
horaIni=8
minutIni=0
horaFin=9
minutFin=0]

2:-->(es.fdvcode.pipool.model.rele.FranjaHoraria):
[
calendarRele=es.fdvcode.pipool.model.rele.CalendarRele@1a1a01f
horaIni=11
minutIni=0
horaFin=14
minutFin=0]

3:-->(es.fdvcode.pipool.model.rele.FranjaHoraria):
[
calendarRele=es.fdvcode.pipool.model.rele.CalendarRele@1a1a01f
horaIni=16
minutIni=0
horaFin=19
minutFin=0]

4:-->(es.fdvcode.pipool.model.rele.FranjaHoraria):
[
calendarRele=es.fdvcode.pipool.model.rele.CalendarRele@1a1a01f
horaIni=22
minutIni=0
horaFin=23
minutFin=30]

}
]

2:-->(es.fdvcode.pipool.model.rele.CalendarRele):
[
id=ProgBombaHivern
nom=Programació Bomba Hivern
rele=es.fdvcode.pipool.model.rele.Rele@1665803
diaIni=1
mesIni=10
diaFin=30
mesFin=5
listFrangesHoraries={
1:-->(es.fdvcode.pipool.model.rele.FranjaHoraria):
[
calendarRele=es.fdvcode.pipool.model.rele.CalendarRele@13001fa
horaIni=6
minutIni=0
horaFin=9
minutFin=0]

2:-->(es.fdvcode.pipool.model.rele.FranjaHoraria):
[
calendarRele=es.fdvcode.pipool.model.rele.CalendarRele@13001fa
horaIni=21
minutIni=0
horaFin=23
minutFin=30]

}
]

}

stateRele=-->(es.fdvcode.pipool.model.rele.StateRele):
[
rele=es.fdvcode.pipool.model.rele.Rele@1665803
isOn=true
gpioPinHigh=false
activacioManual=false
desactivacioManual=false
desactivacioReleMaster=false
activacioTemporal=-->(es.fdvcode.pipool.model.rele.FranjaHoraria):
[
calendarRele=<null>
horaIni=9
minutIni=31
horaFin=9
minutFin=36]

activacioProgramada={
}
]
]

[INFO ] 2017-08-09 09:37:07.668 [qtp14531966-15] RelesRestController - REST - Get Rele with id=ReleBomba.
[INFO ] 2017-08-09 09:37:07.682 [qtp14531966-15] RelesRestController - Rele INFO: [
id=ReleBomba
nom=Motor Bomba Filtre
gpioPin=25
gpioStateWhenReleOn=false
idReleMaster=<null>
calendars={
1:-->(es.fdvcode.pipool.model.rele.CalendarRele):
[
id=ProgBombaEstiu
nom=Programació Bomba Estiu
rele=es.fdvcode.pipool.model.rele.Rele@1665803
diaIni=1
mesIni=6
diaFin=30
mesFin=9
listFrangesHoraries={
1:-->(es.fdvcode.pipool.model.rele.FranjaHoraria):
[
calendarRele=es.fdvcode.pipool.model.rele.CalendarRele@1a1a01f
horaIni=8
minutIni=0
horaFin=9
minutFin=0]

2:-->(es.fdvcode.pipool.model.rele.FranjaHoraria):
[
calendarRele=es.fdvcode.pipool.model.rele.CalendarRele@1a1a01f
horaIni=11
minutIni=0
horaFin=14
minutFin=0]

3:-->(es.fdvcode.pipool.model.rele.FranjaHoraria):
[
calendarRele=es.fdvcode.pipool.model.rele.CalendarRele@1a1a01f
horaIni=16
minutIni=0
horaFin=19
minutFin=0]

4:-->(es.fdvcode.pipool.model.rele.FranjaHoraria):
[
calendarRele=es.fdvcode.pipool.model.rele.CalendarRele@1a1a01f
horaIni=22
minutIni=0
horaFin=23
minutFin=30]

}
]

2:-->(es.fdvcode.pipool.model.rele.CalendarRele):
[
id=ProgBombaHivern
nom=Programació Bomba Hivern
rele=es.fdvcode.pipool.model.rele.Rele@1665803
diaIni=1
mesIni=10
diaFin=30
mesFin=5
listFrangesHoraries={
1:-->(es.fdvcode.pipool.model.rele.FranjaHoraria):
[
calendarRele=es.fdvcode.pipool.model.rele.CalendarRele@13001fa
horaIni=6
minutIni=0
horaFin=9
minutFin=0]

2:-->(es.fdvcode.pipool.model.rele.FranjaHoraria):
[
calendarRele=es.fdvcode.pipool.model.rele.CalendarRele@13001fa
horaIni=21
minutIni=0
horaFin=23
minutFin=30]

}
]

}

stateRele=-->(es.fdvcode.pipool.model.rele.StateRele):
[
rele=es.fdvcode.pipool.model.rele.Rele@1665803
isOn=false
gpioPinHigh=true
activacioManual=false
desactivacioManual=false
desactivacioReleMaster=false
activacioTemporal=<null>
activacioProgramada={
}
]
]

[INFO ] 2017-08-09 10:02:05.262 [qtp14531966-15] SondaTempRestController - REST - READ en Sonda RTD with address=102.
[INFO ] 2017-08-09 10:02:06.409 [qtp14531966-15] SondaTempRestController - Sonda RTD INFO: [
id=SondaTemp
nom=Sonda TempºC
address=102
unitats=ºC
stateSonda=-->(es.fdvcode.pipool.model.sonda.StateSonda):
[
sonda=es.fdvcode.pipool.model.sonda.Sonda@ba2653
valor=28.620]
]

[INFO ] 2017-08-09 10:32:33.118 [qtp31329084-12] SondaTempRestController - REST - READ en Sonda RTD with address=102.
[INFO ] 2017-08-09 10:32:33.819 [qtp31329084-12] SondaTempRestController - Sonda RTD INFO: [id=SondaTempnom=Sonda TempºCaddress=102unitats=ºCstateSonda=-->(es.fdvcode.pipool.model.sonda.StateSonda): [sonda=es.fdvcode.pipool.model.sonda.Sonda@1fed556valor=28.616]]
[INFO ] 2017-08-09 10:38:14.423 [qtp31329084-10] RelesRestController - REST - Get Rele with id=ReleBomba.
[INFO ] 2017-08-09 10:38:14.436 [qtp31329084-10] RelesRestController - Rele INFO: [id=ReleBombanom=Motor Bomba FiltregpioPin=25gpioStateWhenReleOn=falseidReleMaster=<null>calendars={1:-->(es.fdvcode.pipool.model.rele.CalendarRele): [id=ProgBombaEstiunom=Programació Bomba Estiurele=es.fdvcode.pipool.model.rele.Rele@13ec0c7diaIni=1mesIni=6diaFin=30mesFin=9listFrangesHoraries={1:-->(es.fdvcode.pipool.model.rele.FranjaHoraria): [calendarRele=es.fdvcode.pipool.model.rele.CalendarRele@1f92310horaIni=8minutIni=0horaFin=9minutFin=0], 2:-->(es.fdvcode.pipool.model.rele.FranjaHoraria): [calendarRele=es.fdvcode.pipool.model.rele.CalendarRele@1f92310horaIni=11minutIni=0horaFin=14minutFin=0], 3:-->(es.fdvcode.pipool.model.rele.FranjaHoraria): [calendarRele=es.fdvcode.pipool.model.rele.CalendarRele@1f92310horaIni=16minutIni=0horaFin=19minutFin=0], 4:-->(es.fdvcode.pipool.model.rele.FranjaHoraria): [calendarRele=es.fdvcode.pipool.model.rele.CalendarRele@1f92310horaIni=22minutIni=0horaFin=23minutFin=30], }], 2:-->(es.fdvcode.pipool.model.rele.CalendarRele): [id=ProgBombaHivernnom=Programació Bomba Hivernrele=es.fdvcode.pipool.model.rele.Rele@13ec0c7diaIni=1mesIni=10diaFin=30mesFin=5listFrangesHoraries={1:-->(es.fdvcode.pipool.model.rele.FranjaHoraria): [calendarRele=es.fdvcode.pipool.model.rele.CalendarRele@1653212horaIni=6minutIni=0horaFin=9minutFin=0], 2:-->(es.fdvcode.pipool.model.rele.FranjaHoraria): [calendarRele=es.fdvcode.pipool.model.rele.CalendarRele@1653212horaIni=21minutIni=0horaFin=23minutFin=30], }], }stateRele=-->(es.fdvcode.pipool.model.rele.StateRele): [rele=es.fdvcode.pipool.model.rele.Rele@13ec0c7isOn=falsegpioPinHigh=trueactivacioManual=falsedesactivacioManual=falsedesactivacioReleMaster=falseactivacioTemporal=<null>activacioProgramada={}]]
[INFO ] 2017-08-09 10:45:24.001 [qtp31329084-13] RelesRestController - REST - Get State of All Reles View.
[INFO ] 2017-08-09 10:45:24.013 [qtp31329084-13] RelesRestController - Rele id:ReleBomba, releON:false, estatPin:true
[INFO ] 2017-08-09 10:45:24.022 [qtp31329084-13] RelesRestController - Rele id:ReleLlums, releON:false, estatPin:true
[INFO ] 2017-08-09 10:45:24.031 [qtp31329084-13] RelesRestController - Rele id:ReleLfi, releON:false, estatPin:true
[INFO ] 2017-08-09 10:46:11.545 [qtp31329084-15] SondaTempRestController - REST - LED ON All Sondes.
[INFO ] 2017-08-09 10:46:30.452 [qtp31329084-13] SondaTempRestController - REST - LED OFF All Sondes.
[INFO ] 2017-08-09 10:46:43.346 [qtp31329084-12] SondaTempRestController - REST - READ en Sonda RTD with address=102.
[INFO ] 2017-08-09 10:46:43.985 [qtp31329084-12] SondaTempRestController - Sonda RTD INFO: [id=SondaTempnom=Sonda TempºCaddress=102unitats=ºCstateSonda=-->(es.fdvcode.pipool.model.sonda.StateSonda): [sonda=es.fdvcode.pipool.model.sonda.Sonda@1fed556valor=28.624]]
[INFO ] 2017-08-09 10:47:16.201 [qtp31329084-14] SondaTempRestController - REST - Read State of All Sondes.
[INFO ] 2017-08-09 10:47:16.825 [qtp31329084-14] SondaTempRestController - Sonda Id:SondaTemp, Valor:28.632, Unitats:ºC
[INFO ] 2017-08-09 10:47:17.887 [qtp31329084-14] SondaTempRestController - Sonda Id:SondaORP, Valor:1018.4, Unitats:mV
[INFO ] 2017-08-09 10:47:18.941 [qtp31329084-14] SondaTempRestController - Sonda Id:SondaPH, Valor:0.000, Unitats:ph
[INFO ] 2017-08-09 10:52:39.928 [qtp31329084-15] SondaTempRestController - REST - Read State of All Sondes.
[INFO ] 2017-08-09 10:52:40.549 [qtp31329084-15] SondaTempRestController - Sonda Id:SondaTemp, Valor:28.634, Unitats:ºC
[INFO ] 2017-08-09 10:52:41.585 [qtp31329084-15] SondaTempRestController - Sonda Id:SondaORP, Valor:1018.3, Unitats:mV
[INFO ] 2017-08-09 10:52:42.618 [qtp31329084-15] SondaTempRestController - Sonda Id:SondaPH, Valor:0.000, Unitats:ph
[INFO ] 2017-08-09 11:16:54.432 [qtp1817678-12] SondaTempRestController - REST - Read State of All Sondes.
[INFO ] 2017-08-09 11:16:55.532 [qtp1817678-12] SondaTempRestController - Sonda Id:SondaTemp, Valor:28.648, Unitats:ºC
[INFO ] 2017-08-09 11:16:56.563 [qtp1817678-12] SondaTempRestController - Sonda Id:SondaORP, Valor:1018.6, Unitats:mV
[INFO ] 2017-08-09 11:16:57.592 [qtp1817678-12] SondaTempRestController - Sonda Id:SondaPH, Valor:0.000, Unitats:ph
[INFO ] 2017-08-09 11:17:43.180 [qtp1817678-12] SondaTempRestController - REST - Get Sonda RTD with address=102.
[INFO ] 2017-08-09 11:17:43.201 [qtp1817678-12] SondaTempRestController - Sonda RTD INFO: [, id=SondaTemp, nom=Sonda TempºC, address=102, unitats=ºC, stateSonda=-->(es.fdvcode.pipool.model.sonda.StateSonda): [, sonda=es.fdvcode.pipool.model.sonda.Sonda@76a186, valor=28.648, timestampValor=Wed Aug 09 11:16:55 CEST 2017]]
[INFO ] 2017-08-09 11:22:27.151 [qtp1817678-17] SondaPHRestController - REST - Get Sonda PH with address=99.
[INFO ] 2017-08-09 11:22:27.162 [qtp1817678-17] SondaPHRestController - Sonda PH INFO: [, id=SondaPH, nom=Sonda PH, address=99, unitats=ph, stateSonda=-->(es.fdvcode.pipool.model.sonda.StateSonda): [, sonda=es.fdvcode.pipool.model.sonda.Sonda@1703d12, valor=0.000, timestampValor=Wed Aug 09 11:16:57 CEST 2017]]
[INFO ] 2017-08-09 11:22:33.889 [qtp1817678-14] SondaORPRestController - REST - Get Sonda ORP with address=98.
[INFO ] 2017-08-09 11:22:33.899 [qtp1817678-14] SondaORPRestController - Sonda ORP INFO: [, id=SondaORP, nom=Sonda ORP/Redox, address=98, unitats=mV, stateSonda=-->(es.fdvcode.pipool.model.sonda.StateSonda): [, sonda=es.fdvcode.pipool.model.sonda.Sonda@6032e6, valor=1018.6, timestampValor=Wed Aug 09 11:16:56 CEST 2017]]
[INFO ] 2017-08-09 11:51:57.749 [qtp1817678-10] RelesRestController - REST - Get Rele with id=ReleBomba.
[INFO ] 2017-08-09 11:51:57.780 [qtp1817678-10] RelesRestController - Rele INFO: [, id=ReleBomba, nom=Motor Bomba Filtre, gpioPin=25, gpioStateWhenReleOn=false, idReleMaster=<null>, calendars={1:-->(es.fdvcode.pipool.model.rele.CalendarRele): [, id=ProgBombaEstiu, nom=Programació Bomba Estiu, rele=es.fdvcode.pipool.model.rele.Rele@4eedc0, diaIni=1, mesIni=6, diaFin=30, mesFin=9, listFrangesHoraries={1:-->(es.fdvcode.pipool.model.rele.FranjaHoraria): [, calendarRele=es.fdvcode.pipool.model.rele.CalendarRele@891879, horaIni=8, minutIni=0, horaFin=9, minutFin=0], 2:-->(es.fdvcode.pipool.model.rele.FranjaHoraria): [, calendarRele=es.fdvcode.pipool.model.rele.CalendarRele@891879, horaIni=11, minutIni=0, horaFin=14, minutFin=0], 3:-->(es.fdvcode.pipool.model.rele.FranjaHoraria): [, calendarRele=es.fdvcode.pipool.model.rele.CalendarRele@891879, horaIni=16, minutIni=0, horaFin=19, minutFin=0], 4:-->(es.fdvcode.pipool.model.rele.FranjaHoraria): [, calendarRele=es.fdvcode.pipool.model.rele.CalendarRele@891879, horaIni=22, minutIni=0, horaFin=23, minutFin=30], }], 2:-->(es.fdvcode.pipool.model.rele.CalendarRele): [, id=ProgBombaHivern, nom=Programació Bomba Hivern, rele=es.fdvcode.pipool.model.rele.Rele@4eedc0, diaIni=1, mesIni=10, diaFin=30, mesFin=5, listFrangesHoraries={1:-->(es.fdvcode.pipool.model.rele.FranjaHoraria): [, calendarRele=es.fdvcode.pipool.model.rele.CalendarRele@8cc15c, horaIni=6, minutIni=0, horaFin=9, minutFin=0], 2:-->(es.fdvcode.pipool.model.rele.FranjaHoraria): [, calendarRele=es.fdvcode.pipool.model.rele.CalendarRele@8cc15c, horaIni=21, minutIni=0, horaFin=23, minutFin=30], }], }, stateRele=-->(es.fdvcode.pipool.model.rele.StateRele): [, rele=es.fdvcode.pipool.model.rele.Rele@4eedc0, isOn=true, gpioPinHigh=false, timestamp=Wed Aug 09 11:51:57 CEST 2017, activacioManual=false, desactivacioManual=false, desactivacioReleMaster=false, activacioTemporal=<null>, activacioProgramada={1:-->(es.fdvcode.pipool.model.rele.FranjaHoraria): [, calendarRele=-->(es.fdvcode.pipool.model.rele.CalendarRele): [, id=ProgBombaEstiu, nom=Programació Bomba Estiu, rele=es.fdvcode.pipool.model.rele.Rele@4eedc0, diaIni=1, mesIni=6, diaFin=30, mesFin=9, listFrangesHoraries={1:-->(es.fdvcode.pipool.model.rele.FranjaHoraria): [, calendarRele=es.fdvcode.pipool.model.rele.CalendarRele@891879, horaIni=8, minutIni=0, horaFin=9, minutFin=0], 2:es.fdvcode.pipool.model.rele.FranjaHoraria@1b41242, 3:-->(es.fdvcode.pipool.model.rele.FranjaHoraria): [, calendarRele=es.fdvcode.pipool.model.rele.CalendarRele@891879, horaIni=16, minutIni=0, horaFin=19, minutFin=0], 4:-->(es.fdvcode.pipool.model.rele.FranjaHoraria): [, calendarRele=es.fdvcode.pipool.model.rele.CalendarRele@891879, horaIni=22, minutIni=0, horaFin=23, minutFin=30], }], horaIni=11, minutIni=0, horaFin=14, minutFin=0], }]]
[INFO ] 2017-08-09 12:02:44.385 [qtp13880498-12] RelesRestController - REST - Get Rele with id=ReleBomba.
[INFO ] 2017-08-09 12:02:44.404 [qtp13880498-12] RelesRestController - Rele INFO: [, id=ReleBomba, nom=Motor Bomba Filtre, gpioPin=25, gpioStateWhenReleOn=false, idReleMaster=<null>, calendars={1:-->(es.fdvcode.pipool.model.rele.CalendarRele): [, id=ProgBombaEstiu, nom=Programació Bomba Estiu, rele=es.fdvcode.pipool.model.rele.Rele@913a5d, diaIni=1, mesIni=6, diaFin=30, mesFin=9, listFrangesHoraries={1:-->(es.fdvcode.pipool.model.rele.FranjaHoraria): [, calendarRele=es.fdvcode.pipool.model.rele.CalendarRele@56dfff, horaIni=8, minutIni=0, horaFin=9, minutFin=0], 2:-->(es.fdvcode.pipool.model.rele.FranjaHoraria): [, calendarRele=es.fdvcode.pipool.model.rele.CalendarRele@56dfff, horaIni=11, minutIni=0, horaFin=14, minutFin=0], 3:-->(es.fdvcode.pipool.model.rele.FranjaHoraria): [, calendarRele=es.fdvcode.pipool.model.rele.CalendarRele@56dfff, horaIni=16, minutIni=0, horaFin=19, minutFin=0], 4:-->(es.fdvcode.pipool.model.rele.FranjaHoraria): [, calendarRele=es.fdvcode.pipool.model.rele.CalendarRele@56dfff, horaIni=22, minutIni=0, horaFin=23, minutFin=30], }], 2:-->(es.fdvcode.pipool.model.rele.CalendarRele): [, id=ProgBombaHivern, nom=Programació Bomba Hivern, rele=es.fdvcode.pipool.model.rele.Rele@913a5d, diaIni=1, mesIni=10, diaFin=30, mesFin=5, listFrangesHoraries={1:-->(es.fdvcode.pipool.model.rele.FranjaHoraria): [, calendarRele=es.fdvcode.pipool.model.rele.CalendarRele@ce0d63, horaIni=6, minutIni=0, horaFin=9, minutFin=0], 2:-->(es.fdvcode.pipool.model.rele.FranjaHoraria): [, calendarRele=es.fdvcode.pipool.model.rele.CalendarRele@ce0d63, horaIni=21, minutIni=0, horaFin=23, minutFin=30], }], }, stateRele=-->(es.fdvcode.pipool.model.rele.StateRele): [, rele=es.fdvcode.pipool.model.rele.Rele@913a5d, isOn=true, gpioPinHigh=false, timestamp=Wed Aug 09 12:02:26 CEST 2017, activacioManual=false, desactivacioManual=false, desactivacioReleMaster=false, activacioTemporal=<null>, activacioProgramada={1:-->(es.fdvcode.pipool.model.rele.FranjaHoraria): [, calendarRele=-->(es.fdvcode.pipool.model.rele.CalendarRele): [, id=ProgBombaEstiu, nom=Programació Bomba Estiu, rele=es.fdvcode.pipool.model.rele.Rele@913a5d, diaIni=1, mesIni=6, diaFin=30, mesFin=9, listFrangesHoraries={1:-->(es.fdvcode.pipool.model.rele.FranjaHoraria): [, calendarRele=es.fdvcode.pipool.model.rele.CalendarRele@56dfff, horaIni=8, minutIni=0, horaFin=9, minutFin=0], 2:es.fdvcode.pipool.model.rele.FranjaHoraria@16bd5c4, 3:-->(es.fdvcode.pipool.model.rele.FranjaHoraria): [, calendarRele=es.fdvcode.pipool.model.rele.CalendarRele@56dfff, horaIni=16, minutIni=0, horaFin=19, minutFin=0], 4:-->(es.fdvcode.pipool.model.rele.FranjaHoraria): [, calendarRele=es.fdvcode.pipool.model.rele.CalendarRele@56dfff, horaIni=22, minutIni=0, horaFin=23, minutFin=30], }], horaIni=11, minutIni=0, horaFin=14, minutFin=0], }]]
[INFO ] 2017-08-09 12:02:56.862 [qtp13880498-13] RelesRestController - REST - Get Rele with id=ReleBomba.
[INFO ] 2017-08-09 12:02:56.881 [qtp13880498-13] RelesRestController - Rele INFO: [, id=ReleBomba, nom=Motor Bomba Filtre, gpioPin=25, gpioStateWhenReleOn=false, idReleMaster=<null>, calendars={1:-->(es.fdvcode.pipool.model.rele.CalendarRele): [, id=ProgBombaEstiu, nom=Programació Bomba Estiu, rele=es.fdvcode.pipool.model.rele.Rele@913a5d, diaIni=1, mesIni=6, diaFin=30, mesFin=9, listFrangesHoraries={1:-->(es.fdvcode.pipool.model.rele.FranjaHoraria): [, calendarRele=es.fdvcode.pipool.model.rele.CalendarRele@56dfff, horaIni=8, minutIni=0, horaFin=9, minutFin=0], 2:-->(es.fdvcode.pipool.model.rele.FranjaHoraria): [, calendarRele=es.fdvcode.pipool.model.rele.CalendarRele@56dfff, horaIni=11, minutIni=0, horaFin=14, minutFin=0], 3:-->(es.fdvcode.pipool.model.rele.FranjaHoraria): [, calendarRele=es.fdvcode.pipool.model.rele.CalendarRele@56dfff, horaIni=16, minutIni=0, horaFin=19, minutFin=0], 4:-->(es.fdvcode.pipool.model.rele.FranjaHoraria): [, calendarRele=es.fdvcode.pipool.model.rele.CalendarRele@56dfff, horaIni=22, minutIni=0, horaFin=23, minutFin=30], }], 2:-->(es.fdvcode.pipool.model.rele.CalendarRele): [, id=ProgBombaHivern, nom=Programació Bomba Hivern, rele=es.fdvcode.pipool.model.rele.Rele@913a5d, diaIni=1, mesIni=10, diaFin=30, mesFin=5, listFrangesHoraries={1:-->(es.fdvcode.pipool.model.rele.FranjaHoraria): [, calendarRele=es.fdvcode.pipool.model.rele.CalendarRele@ce0d63, horaIni=6, minutIni=0, horaFin=9, minutFin=0], 2:-->(es.fdvcode.pipool.model.rele.FranjaHoraria): [, calendarRele=es.fdvcode.pipool.model.rele.CalendarRele@ce0d63, horaIni=21, minutIni=0, horaFin=23, minutFin=30], }], }, stateRele=-->(es.fdvcode.pipool.model.rele.StateRele): [, rele=es.fdvcode.pipool.model.rele.Rele@913a5d, isOn=true, gpioPinHigh=false, timestamp=Wed Aug 09 12:02:26 CEST 2017, activacioManual=false, desactivacioManual=false, desactivacioReleMaster=false, activacioTemporal=<null>, activacioProgramada={1:-->(es.fdvcode.pipool.model.rele.FranjaHoraria): [, calendarRele=-->(es.fdvcode.pipool.model.rele.CalendarRele): [, id=ProgBombaEstiu, nom=Programació Bomba Estiu, rele=es.fdvcode.pipool.model.rele.Rele@913a5d, diaIni=1, mesIni=6, diaFin=30, mesFin=9, listFrangesHoraries={1:-->(es.fdvcode.pipool.model.rele.FranjaHoraria): [, calendarRele=es.fdvcode.pipool.model.rele.CalendarRele@56dfff, horaIni=8, minutIni=0, horaFin=9, minutFin=0], 2:es.fdvcode.pipool.model.rele.FranjaHoraria@16bd5c4, 3:-->(es.fdvcode.pipool.model.rele.FranjaHoraria): [, calendarRele=es.fdvcode.pipool.model.rele.CalendarRele@56dfff, horaIni=16, minutIni=0, horaFin=19, minutFin=0], 4:-->(es.fdvcode.pipool.model.rele.FranjaHoraria): [, calendarRele=es.fdvcode.pipool.model.rele.CalendarRele@56dfff, horaIni=22, minutIni=0, horaFin=23, minutFin=30], }], horaIni=11, minutIni=0, horaFin=14, minutFin=0], }]]
[INFO ] 2017-08-09 13:14:06.754 [qtp13880498-16] SondaTempRestController - REST - LED ON All Sondes.
[INFO ] 2017-08-09 13:14:23.238 [qtp13880498-17] SondaTempRestController - REST - LED OFF All Sondes.
[INFO ] 2017-08-09 13:14:41.679 [qtp13880498-10] SondaTempRestController - REST - LED ON All Sondes.
[INFO ] 2017-08-09 15:50:07.817 [qtp13880498-16] SondaTempRestController - REST - LED OFF All Sondes.
[INFO ] 2017-08-09 19:24:04.614 [qtp13880498-15] RelesRestController - REST - Get State of All Reles View.
[INFO ] 2017-08-09 19:24:04.640 [qtp13880498-15] RelesRestController - Rele id:ReleBomba, releON:false, estatPin:true
[INFO ] 2017-08-09 19:24:04.653 [qtp13880498-15] RelesRestController - Rele id:ReleLlums, releON:false, estatPin:true
[INFO ] 2017-08-09 19:24:04.660 [qtp13880498-15] RelesRestController - Rele id:ReleLfi, releON:false, estatPin:true
