[INFO ] 2017-08-08 19:40:22.884 [background-preinit] Version - HV000001: Hibernate Validator 5.2.4.Final
[INFO ] 2017-08-08 19:40:22.477 [main] MainPiPool - Starting MainPiPool v0.0.1-SNAPSHOT on rPIZeroPiscinav2 with PID 1191 (/home/pi/pipool/pipool-0.0.1-SNAPSHOT.jar started by pi in /home/pi/pipool)
[INFO ] 2017-08-08 19:40:23.056 [main] MainPiPool - No active profile set, falling back to default profiles: default
[INFO ] 2017-08-08 19:40:25.712 [main] AnnotationConfigEmbeddedWebApplicationContext - Refreshing org.springframework.boot.context.embedded.AnnotationConfigEmbeddedWebApplicationContext@1ff8b8f: startup date [Tue Aug 08 19:40:25 CEST 2017]; root of context hierarchy
[INFO ] 2017-08-08 19:41:01.255 [background-preinit] Version - HV000001: Hibernate Validator 5.2.4.Final
[INFO ] 2017-08-08 19:41:01.211 [main] MainPiPool - Starting MainPiPool v0.0.1-SNAPSHOT on rPIZeroPiscinav2 with PID 1237 (/home/pi/pipool/pipool-0.0.1-SNAPSHOT.jar started by pi in /home/pi/pipool)
[INFO ] 2017-08-08 19:41:01.290 [main] MainPiPool - No active profile set, falling back to default profiles: default
[INFO ] 2017-08-08 19:41:03.653 [main] AnnotationConfigEmbeddedWebApplicationContext - Refreshing org.springframework.boot.context.embedded.AnnotationConfigEmbeddedWebApplicationContext@1ff8b8f: startup date [Tue Aug 08 19:41:03 CEST 2017]; root of context hierarchy
[INFO ] 2017-08-08 19:41:44.513 [main] log - Logging initialized @74398ms
[INFO ] 2017-08-08 19:41:47.415 [main] JettyEmbeddedServletContainerFactory - Server initialized with port: 8045
[INFO ] 2017-08-08 19:41:47.460 [main] Server - jetty-9.3.14.v20161028
[INFO ] 2017-08-08 19:41:49.812 [main] application - Initializing Spring embedded WebApplicationContext
[INFO ] 2017-08-08 19:41:49.835 [main] ContextLoader - Root WebApplicationContext: initialization completed in 46290 ms
[INFO ] 2017-08-08 19:41:56.251 [main] ServletRegistrationBean - Mapping servlet: 'dispatcherServlet' to [/]
[INFO ] 2017-08-08 19:41:56.339 [main] FilterRegistrationBean - Mapping filter: 'metricsFilter' to: [/*]
[INFO ] 2017-08-08 19:41:56.349 [main] FilterRegistrationBean - Mapping filter: 'characterEncodingFilter' to: [/*]
[INFO ] 2017-08-08 19:41:56.357 [main] FilterRegistrationBean - Mapping filter: 'hiddenHttpMethodFilter' to: [/*]
[INFO ] 2017-08-08 19:41:56.364 [main] FilterRegistrationBean - Mapping filter: 'httpPutFormContentFilter' to: [/*]
[INFO ] 2017-08-08 19:41:56.380 [main] FilterRegistrationBean - Mapping filter: 'requestContextFilter' to: [/*]
[INFO ] 2017-08-08 19:41:56.394 [main] FilterRegistrationBean - Mapping filter: 'webRequestLoggingFilter' to: [/*]
[INFO ] 2017-08-08 19:41:56.401 [main] FilterRegistrationBean - Mapping filter: 'applicationContextIdFilter' to: [/*]
[INFO ] 2017-08-08 19:41:59.992 [main] ContextHandler - Started o.s.b.c.e.j.JettyEmbeddedWebAppContext@1314f7{/,file:///tmp/jetty-docbase.1266701422297958680.8045/,AVAILABLE}
[INFO ] 2017-08-08 19:42:00.003 [main] Server - Started @89907ms
[INFO ] 2017-08-08 19:42:01.698 [main] RelesLoader - Inicialitza RELE's.
[ERROR] 2017-08-08 19:42:01.727 [main] RelesLoader - Error al llegir Json de Reles.
java.io.FileNotFoundException: conf/reles.json (No such file or directory)
	at java.io.FileInputStream.open0(Native Method) ~[?:1.8.0_131]
	at java.io.FileInputStream.open(FileInputStream.java:195) ~[?:1.8.0_131]
	at java.io.FileInputStream.<init>(FileInputStream.java:138) ~[?:1.8.0_131]
	at com.fasterxml.jackson.core.JsonFactory.createParser(JsonFactory.java:756) ~[jackson-core-2.8.5.jar!/:2.8.5]
	at com.fasterxml.jackson.databind.ObjectMapper.readValue(ObjectMapper.java:2759) ~[jackson-databind-2.8.5.jar!/:2.8.5]
	at es.fdvcode.pipool.srv.rele.RelesLoader.loadJsonFile(RelesLoader.java:153) ~[classes!/:0.0.1-SNAPSHOT]
	at es.fdvcode.pipool.srv.rele.RelesLoader.initClass(RelesLoader.java:51) [classes!/:0.0.1-SNAPSHOT]
	at sun.reflect.NativeMethodAccessorImpl.invoke0(Native Method) ~[?:1.8.0_131]
	at sun.reflect.NativeMethodAccessorImpl.invoke(NativeMethodAccessorImpl.java:62) ~[?:1.8.0_131]
	at sun.reflect.DelegatingMethodAccessorImpl.invoke(DelegatingMethodAccessorImpl.java:43) ~[?:1.8.0_131]
	at java.lang.reflect.Method.invoke(Method.java:498) ~[?:1.8.0_131]
	at org.springframework.beans.factory.annotation.InitDestroyAnnotationBeanPostProcessor$LifecycleElement.invoke(InitDestroyAnnotationBeanPostProcessor.java:366) [spring-beans-4.3.5.RELEASE.jar!/:4.3.5.RELEASE]
	at org.springframework.beans.factory.annotation.InitDestroyAnnotationBeanPostProcessor$LifecycleMetadata.invokeInitMethods(InitDestroyAnnotationBeanPostProcessor.java:311) [spring-beans-4.3.5.RELEASE.jar!/:4.3.5.RELEASE]
	at org.springframework.beans.factory.annotation.InitDestroyAnnotationBeanPostProcessor.postProcessBeforeInitialization(InitDestroyAnnotationBeanPostProcessor.java:134) [spring-beans-4.3.5.RELEASE.jar!/:4.3.5.RELEASE]
	at org.springframework.beans.factory.support.AbstractAutowireCapableBeanFactory.applyBeanPostProcessorsBeforeInitialization(AbstractAutowireCapableBeanFactory.java:409) [spring-beans-4.3.5.RELEASE.jar!/:4.3.5.RELEASE]
	at org.springframework.beans.factory.support.AbstractAutowireCapableBeanFactory.initializeBean(AbstractAutowireCapableBeanFactory.java:1581) [spring-beans-4.3.5.RELEASE.jar!/:4.3.5.RELEASE]
	at org.springframework.beans.factory.support.AbstractAutowireCapableBeanFactory.doCreateBean(AbstractAutowireCapableBeanFactory.java:554) [spring-beans-4.3.5.RELEASE.jar!/:4.3.5.RELEASE]
	at org.springframework.beans.factory.support.AbstractAutowireCapableBeanFactory.createBean(AbstractAutowireCapableBeanFactory.java:483) [spring-beans-4.3.5.RELEASE.jar!/:4.3.5.RELEASE]
	at org.springframework.beans.factory.support.AbstractBeanFactory$1.getObject(AbstractBeanFactory.java:306) [spring-beans-4.3.5.RELEASE.jar!/:4.3.5.RELEASE]
	at org.springframework.beans.factory.support.DefaultSingletonBeanRegistry.getSingleton(DefaultSingletonBeanRegistry.java:230) [spring-beans-4.3.5.RELEASE.jar!/:4.3.5.RELEASE]
	at org.springframework.beans.factory.support.AbstractBeanFactory.doGetBean(AbstractBeanFactory.java:302) [spring-beans-4.3.5.RELEASE.jar!/:4.3.5.RELEASE]
	at org.springframework.beans.factory.support.AbstractBeanFactory.getBean(AbstractBeanFactory.java:202) [spring-beans-4.3.5.RELEASE.jar!/:4.3.5.RELEASE]
	at org.springframework.beans.factory.config.DependencyDescriptor.resolveCandidate(DependencyDescriptor.java:207) [spring-beans-4.3.5.RELEASE.jar!/:4.3.5.RELEASE]
	at org.springframework.beans.factory.support.DefaultListableBeanFactory.doResolveDependency(DefaultListableBeanFactory.java:1136) [spring-beans-4.3.5.RELEASE.jar!/:4.3.5.RELEASE]
	at org.springframework.beans.factory.support.DefaultListableBeanFactory.resolveDependency(DefaultListableBeanFactory.java:1064) [spring-beans-4.3.5.RELEASE.jar!/:4.3.5.RELEASE]
	at org.springframework.beans.factory.annotation.AutowiredAnnotationBeanPostProcessor$AutowiredFieldElement.inject(AutowiredAnnotationBeanPostProcessor.java:585) [spring-beans-4.3.5.RELEASE.jar!/:4.3.5.RELEASE]
	at org.springframework.beans.factory.annotation.InjectionMetadata.inject(InjectionMetadata.java:88) [spring-beans-4.3.5.RELEASE.jar!/:4.3.5.RELEASE]
	at org.springframework.beans.factory.annotation.AutowiredAnnotationBeanPostProcessor.postProcessPropertyValues(AutowiredAnnotationBeanPostProcessor.java:366) [spring-beans-4.3.5.RELEASE.jar!/:4.3.5.RELEASE]
	at org.springframework.beans.factory.support.AbstractAutowireCapableBeanFactory.populateBean(AbstractAutowireCapableBeanFactory.java:1225) [spring-beans-4.3.5.RELEASE.jar!/:4.3.5.RELEASE]
	at org.springframework.beans.factory.support.AbstractAutowireCapableBeanFactory.doCreateBean(AbstractAutowireCapableBeanFactory.java:552) [spring-beans-4.3.5.RELEASE.jar!/:4.3.5.RELEASE]
	at org.springframework.beans.factory.support.AbstractAutowireCapableBeanFactory.createBean(AbstractAutowireCapableBeanFactory.java:483) [spring-beans-4.3.5.RELEASE.jar!/:4.3.5.RELEASE]
	at org.springframework.beans.factory.support.AbstractBeanFactory$1.getObject(AbstractBeanFactory.java:306) [spring-beans-4.3.5.RELEASE.jar!/:4.3.5.RELEASE]
	at org.springframework.beans.factory.support.DefaultSingletonBeanRegistry.getSingleton(DefaultSingletonBeanRegistry.java:230) [spring-beans-4.3.5.RELEASE.jar!/:4.3.5.RELEASE]
	at org.springframework.beans.factory.support.AbstractBeanFactory.doGetBean(AbstractBeanFactory.java:302) [spring-beans-4.3.5.RELEASE.jar!/:4.3.5.RELEASE]
	at org.springframework.beans.factory.support.AbstractBeanFactory.getBean(AbstractBeanFactory.java:202) [spring-beans-4.3.5.RELEASE.jar!/:4.3.5.RELEASE]
	at org.springframework.beans.factory.config.DependencyDescriptor.resolveCandidate(DependencyDescriptor.java:207) [spring-beans-4.3.5.RELEASE.jar!/:4.3.5.RELEASE]
	at org.springframework.beans.factory.support.DefaultListableBeanFactory.doResolveDependency(DefaultListableBeanFactory.java:1136) [spring-beans-4.3.5.RELEASE.jar!/:4.3.5.RELEASE]
	at org.springframework.beans.factory.support.DefaultListableBeanFactory.resolveDependency(DefaultListableBeanFactory.java:1064) [spring-beans-4.3.5.RELEASE.jar!/:4.3.5.RELEASE]
	at org.springframework.beans.factory.annotation.AutowiredAnnotationBeanPostProcessor$AutowiredFieldElement.inject(AutowiredAnnotationBeanPostProcessor.java:585) [spring-beans-4.3.5.RELEASE.jar!/:4.3.5.RELEASE]
	at org.springframework.beans.factory.annotation.InjectionMetadata.inject(InjectionMetadata.java:88) [spring-beans-4.3.5.RELEASE.jar!/:4.3.5.RELEASE]
	at org.springframework.beans.factory.annotation.AutowiredAnnotationBeanPostProcessor.postProcessPropertyValues(AutowiredAnnotationBeanPostProcessor.java:366) [spring-beans-4.3.5.RELEASE.jar!/:4.3.5.RELEASE]
	at org.springframework.beans.factory.support.AbstractAutowireCapableBeanFactory.populateBean(AbstractAutowireCapableBeanFactory.java:1225) [spring-beans-4.3.5.RELEASE.jar!/:4.3.5.RELEASE]
	at org.springframework.beans.factory.support.AbstractAutowireCapableBeanFactory.doCreateBean(AbstractAutowireCapableBeanFactory.java:552) [spring-beans-4.3.5.RELEASE.jar!/:4.3.5.RELEASE]
	at org.springframework.beans.factory.support.AbstractAutowireCapableBeanFactory.createBean(AbstractAutowireCapableBeanFactory.java:483) [spring-beans-4.3.5.RELEASE.jar!/:4.3.5.RELEASE]
	at org.springframework.beans.factory.support.AbstractBeanFactory$1.getObject(AbstractBeanFactory.java:306) [spring-beans-4.3.5.RELEASE.jar!/:4.3.5.RELEASE]
	at org.springframework.beans.factory.support.DefaultSingletonBeanRegistry.getSingleton(DefaultSingletonBeanRegistry.java:230) [spring-beans-4.3.5.RELEASE.jar!/:4.3.5.RELEASE]
	at org.springframework.beans.factory.support.AbstractBeanFactory.doGetBean(AbstractBeanFactory.java:302) [spring-beans-4.3.5.RELEASE.jar!/:4.3.5.RELEASE]
	at org.springframework.beans.factory.support.AbstractBeanFactory.getBean(AbstractBeanFactory.java:197) [spring-beans-4.3.5.RELEASE.jar!/:4.3.5.RELEASE]
	at org.springframework.beans.factory.support.DefaultListableBeanFactory.preInstantiateSingletons(DefaultListableBeanFactory.java:759) [spring-beans-4.3.5.RELEASE.jar!/:4.3.5.RELEASE]
	at org.springframework.context.support.AbstractApplicationContext.finishBeanFactoryInitialization(AbstractApplicationContext.java:866) [spring-context-4.3.5.RELEASE.jar!/:4.3.5.RELEASE]
	at org.springframework.context.support.AbstractApplicationContext.refresh(AbstractApplicationContext.java:542) [spring-context-4.3.5.RELEASE.jar!/:4.3.5.RELEASE]
	at org.springframework.boot.context.embedded.EmbeddedWebApplicationContext.refresh(EmbeddedWebApplicationContext.java:122) [spring-boot-1.4.3.RELEASE.jar!/:1.4.3.RELEASE]
	at org.springframework.boot.SpringApplication.refresh(SpringApplication.java:761) [spring-boot-1.4.3.RELEASE.jar!/:1.4.3.RELEASE]
	at org.springframework.boot.SpringApplication.refreshContext(SpringApplication.java:371) [spring-boot-1.4.3.RELEASE.jar!/:1.4.3.RELEASE]
	at org.springframework.boot.SpringApplication.run(SpringApplication.java:315) [spring-boot-1.4.3.RELEASE.jar!/:1.4.3.RELEASE]
	at org.springframework.boot.SpringApplication.run(SpringApplication.java:1186) [spring-boot-1.4.3.RELEASE.jar!/:1.4.3.RELEASE]
	at org.springframework.boot.SpringApplication.run(SpringApplication.java:1175) [spring-boot-1.4.3.RELEASE.jar!/:1.4.3.RELEASE]
	at es.fdvcode.pipool.MainPiPool.main(MainPiPool.java:20) [classes!/:0.0.1-SNAPSHOT]
	at sun.reflect.NativeMethodAccessorImpl.invoke0(Native Method) ~[?:1.8.0_131]
	at sun.reflect.NativeMethodAccessorImpl.invoke(NativeMethodAccessorImpl.java:62) ~[?:1.8.0_131]
	at sun.reflect.DelegatingMethodAccessorImpl.invoke(DelegatingMethodAccessorImpl.java:43) ~[?:1.8.0_131]
	at java.lang.reflect.Method.invoke(Method.java:498) ~[?:1.8.0_131]
	at org.springframework.boot.loader.MainMethodRunner.run(MainMethodRunner.java:48) [pipool-0.0.1-SNAPSHOT.jar:0.0.1-SNAPSHOT]
	at org.springframework.boot.loader.Launcher.launch(Launcher.java:87) [pipool-0.0.1-SNAPSHOT.jar:0.0.1-SNAPSHOT]
	at org.springframework.boot.loader.Launcher.launch(Launcher.java:50) [pipool-0.0.1-SNAPSHOT.jar:0.0.1-SNAPSHOT]
	at org.springframework.boot.loader.JarLauncher.main(JarLauncher.java:51) [pipool-0.0.1-SNAPSHOT.jar:0.0.1-SNAPSHOT]
[INFO ] 2017-08-08 19:42:01.817 [main] RelesLoader - Carreguem reles per defecte.
[INFO ] 2017-08-08 19:42:01.912 [main] RelesLoader - S'han trobat 3 reles definits.
[INFO ] 2017-08-08 19:42:03.100 [main] SondesLoader - Inicialitza SONDES's.
[ERROR] 2017-08-08 19:42:03.114 [main] SondesLoader - Error al llegir Json de Sondes.
java.io.FileNotFoundException: conf/sondes.json (No such file or directory)
	at java.io.FileInputStream.open0(Native Method) ~[?:1.8.0_131]
	at java.io.FileInputStream.open(FileInputStream.java:195) ~[?:1.8.0_131]
	at java.io.FileInputStream.<init>(FileInputStream.java:138) ~[?:1.8.0_131]
	at com.fasterxml.jackson.core.JsonFactory.createParser(JsonFactory.java:756) ~[jackson-core-2.8.5.jar!/:2.8.5]
	at com.fasterxml.jackson.databind.ObjectMapper.readValue(ObjectMapper.java:2759) ~[jackson-databind-2.8.5.jar!/:2.8.5]
	at es.fdvcode.pipool.srv.sonda.SondesLoader.loadJsonFile(SondesLoader.java:92) ~[classes!/:0.0.1-SNAPSHOT]
	at es.fdvcode.pipool.srv.sonda.SondesLoader.initClass(SondesLoader.java:48) [classes!/:0.0.1-SNAPSHOT]
	at sun.reflect.NativeMethodAccessorImpl.invoke0(Native Method) ~[?:1.8.0_131]
	at sun.reflect.NativeMethodAccessorImpl.invoke(NativeMethodAccessorImpl.java:62) ~[?:1.8.0_131]
	at sun.reflect.DelegatingMethodAccessorImpl.invoke(DelegatingMethodAccessorImpl.java:43) ~[?:1.8.0_131]
	at java.lang.reflect.Method.invoke(Method.java:498) ~[?:1.8.0_131]
	at org.springframework.beans.factory.annotation.InitDestroyAnnotationBeanPostProcessor$LifecycleElement.invoke(InitDestroyAnnotationBeanPostProcessor.java:366) [spring-beans-4.3.5.RELEASE.jar!/:4.3.5.RELEASE]
	at org.springframework.beans.factory.annotation.InitDestroyAnnotationBeanPostProcessor$LifecycleMetadata.invokeInitMethods(InitDestroyAnnotationBeanPostProcessor.java:311) [spring-beans-4.3.5.RELEASE.jar!/:4.3.5.RELEASE]
	at org.springframework.beans.factory.annotation.InitDestroyAnnotationBeanPostProcessor.postProcessBeforeInitialization(InitDestroyAnnotationBeanPostProcessor.java:134) [spring-beans-4.3.5.RELEASE.jar!/:4.3.5.RELEASE]
	at org.springframework.beans.factory.support.AbstractAutowireCapableBeanFactory.applyBeanPostProcessorsBeforeInitialization(AbstractAutowireCapableBeanFactory.java:409) [spring-beans-4.3.5.RELEASE.jar!/:4.3.5.RELEASE]
	at org.springframework.beans.factory.support.AbstractAutowireCapableBeanFactory.initializeBean(AbstractAutowireCapableBeanFactory.java:1581) [spring-beans-4.3.5.RELEASE.jar!/:4.3.5.RELEASE]
	at org.springframework.beans.factory.support.AbstractAutowireCapableBeanFactory.doCreateBean(AbstractAutowireCapableBeanFactory.java:554) [spring-beans-4.3.5.RELEASE.jar!/:4.3.5.RELEASE]
	at org.springframework.beans.factory.support.AbstractAutowireCapableBeanFactory.createBean(AbstractAutowireCapableBeanFactory.java:483) [spring-beans-4.3.5.RELEASE.jar!/:4.3.5.RELEASE]
	at org.springframework.beans.factory.support.AbstractBeanFactory$1.getObject(AbstractBeanFactory.java:306) [spring-beans-4.3.5.RELEASE.jar!/:4.3.5.RELEASE]
	at org.springframework.beans.factory.support.DefaultSingletonBeanRegistry.getSingleton(DefaultSingletonBeanRegistry.java:230) [spring-beans-4.3.5.RELEASE.jar!/:4.3.5.RELEASE]
	at org.springframework.beans.factory.support.AbstractBeanFactory.doGetBean(AbstractBeanFactory.java:302) [spring-beans-4.3.5.RELEASE.jar!/:4.3.5.RELEASE]
	at org.springframework.beans.factory.support.AbstractBeanFactory.getBean(AbstractBeanFactory.java:202) [spring-beans-4.3.5.RELEASE.jar!/:4.3.5.RELEASE]
	at org.springframework.beans.factory.config.DependencyDescriptor.resolveCandidate(DependencyDescriptor.java:207) [spring-beans-4.3.5.RELEASE.jar!/:4.3.5.RELEASE]
	at org.springframework.beans.factory.support.DefaultListableBeanFactory.doResolveDependency(DefaultListableBeanFactory.java:1136) [spring-beans-4.3.5.RELEASE.jar!/:4.3.5.RELEASE]
	at org.springframework.beans.factory.support.DefaultListableBeanFactory.resolveDependency(DefaultListableBeanFactory.java:1064) [spring-beans-4.3.5.RELEASE.jar!/:4.3.5.RELEASE]
	at org.springframework.beans.factory.annotation.AutowiredAnnotationBeanPostProcessor$AutowiredFieldElement.inject(AutowiredAnnotationBeanPostProcessor.java:585) [spring-beans-4.3.5.RELEASE.jar!/:4.3.5.RELEASE]
	at org.springframework.beans.factory.annotation.InjectionMetadata.inject(InjectionMetadata.java:88) [spring-beans-4.3.5.RELEASE.jar!/:4.3.5.RELEASE]
	at org.springframework.beans.factory.annotation.AutowiredAnnotationBeanPostProcessor.postProcessPropertyValues(AutowiredAnnotationBeanPostProcessor.java:366) [spring-beans-4.3.5.RELEASE.jar!/:4.3.5.RELEASE]
	at org.springframework.beans.factory.support.AbstractAutowireCapableBeanFactory.populateBean(AbstractAutowireCapableBeanFactory.java:1225) [spring-beans-4.3.5.RELEASE.jar!/:4.3.5.RELEASE]
	at org.springframework.beans.factory.support.AbstractAutowireCapableBeanFactory.doCreateBean(AbstractAutowireCapableBeanFactory.java:552) [spring-beans-4.3.5.RELEASE.jar!/:4.3.5.RELEASE]
	at org.springframework.beans.factory.support.AbstractAutowireCapableBeanFactory.createBean(AbstractAutowireCapableBeanFactory.java:483) [spring-beans-4.3.5.RELEASE.jar!/:4.3.5.RELEASE]
	at org.springframework.beans.factory.support.AbstractBeanFactory$1.getObject(AbstractBeanFactory.java:306) [spring-beans-4.3.5.RELEASE.jar!/:4.3.5.RELEASE]
	at org.springframework.beans.factory.support.DefaultSingletonBeanRegistry.getSingleton(DefaultSingletonBeanRegistry.java:230) [spring-beans-4.3.5.RELEASE.jar!/:4.3.5.RELEASE]
	at org.springframework.beans.factory.support.AbstractBeanFactory.doGetBean(AbstractBeanFactory.java:302) [spring-beans-4.3.5.RELEASE.jar!/:4.3.5.RELEASE]
	at org.springframework.beans.factory.support.AbstractBeanFactory.getBean(AbstractBeanFactory.java:202) [spring-beans-4.3.5.RELEASE.jar!/:4.3.5.RELEASE]
	at org.springframework.beans.factory.config.DependencyDescriptor.resolveCandidate(DependencyDescriptor.java:207) [spring-beans-4.3.5.RELEASE.jar!/:4.3.5.RELEASE]
	at org.springframework.beans.factory.support.DefaultListableBeanFactory.doResolveDependency(DefaultListableBeanFactory.java:1136) [spring-beans-4.3.5.RELEASE.jar!/:4.3.5.RELEASE]
	at org.springframework.beans.factory.support.DefaultListableBeanFactory.resolveDependency(DefaultListableBeanFactory.java:1064) [spring-beans-4.3.5.RELEASE.jar!/:4.3.5.RELEASE]
	at org.springframework.beans.factory.annotation.AutowiredAnnotationBeanPostProcessor$AutowiredFieldElement.inject(AutowiredAnnotationBeanPostProcessor.java:585) [spring-beans-4.3.5.RELEASE.jar!/:4.3.5.RELEASE]
	at org.springframework.beans.factory.annotation.InjectionMetadata.inject(InjectionMetadata.java:88) [spring-beans-4.3.5.RELEASE.jar!/:4.3.5.RELEASE]
	at org.springframework.beans.factory.annotation.AutowiredAnnotationBeanPostProcessor.postProcessPropertyValues(AutowiredAnnotationBeanPostProcessor.java:366) [spring-beans-4.3.5.RELEASE.jar!/:4.3.5.RELEASE]
	at org.springframework.beans.factory.support.AbstractAutowireCapableBeanFactory.populateBean(AbstractAutowireCapableBeanFactory.java:1225) [spring-beans-4.3.5.RELEASE.jar!/:4.3.5.RELEASE]
	at org.springframework.beans.factory.support.AbstractAutowireCapableBeanFactory.doCreateBean(AbstractAutowireCapableBeanFactory.java:552) [spring-beans-4.3.5.RELEASE.jar!/:4.3.5.RELEASE]
	at org.springframework.beans.factory.support.AbstractAutowireCapableBeanFactory.createBean(AbstractAutowireCapableBeanFactory.java:483) [spring-beans-4.3.5.RELEASE.jar!/:4.3.5.RELEASE]
	at org.springframework.beans.factory.support.AbstractBeanFactory$1.getObject(AbstractBeanFactory.java:306) [spring-beans-4.3.5.RELEASE.jar!/:4.3.5.RELEASE]
	at org.springframework.beans.factory.support.DefaultSingletonBeanRegistry.getSingleton(DefaultSingletonBeanRegistry.java:230) [spring-beans-4.3.5.RELEASE.jar!/:4.3.5.RELEASE]
	at org.springframework.beans.factory.support.AbstractBeanFactory.doGetBean(AbstractBeanFactory.java:302) [spring-beans-4.3.5.RELEASE.jar!/:4.3.5.RELEASE]
	at org.springframework.beans.factory.support.AbstractBeanFactory.getBean(AbstractBeanFactory.java:197) [spring-beans-4.3.5.RELEASE.jar!/:4.3.5.RELEASE]
	at org.springframework.beans.factory.support.DefaultListableBeanFactory.preInstantiateSingletons(DefaultListableBeanFactory.java:759) [spring-beans-4.3.5.RELEASE.jar!/:4.3.5.RELEASE]
	at org.springframework.context.support.AbstractApplicationContext.finishBeanFactoryInitialization(AbstractApplicationContext.java:866) [spring-context-4.3.5.RELEASE.jar!/:4.3.5.RELEASE]
	at org.springframework.context.support.AbstractApplicationContext.refresh(AbstractApplicationContext.java:542) [spring-context-4.3.5.RELEASE.jar!/:4.3.5.RELEASE]
	at org.springframework.boot.context.embedded.EmbeddedWebApplicationContext.refresh(EmbeddedWebApplicationContext.java:122) [spring-boot-1.4.3.RELEASE.jar!/:1.4.3.RELEASE]
	at org.springframework.boot.SpringApplication.refresh(SpringApplication.java:761) [spring-boot-1.4.3.RELEASE.jar!/:1.4.3.RELEASE]
	at org.springframework.boot.SpringApplication.refreshContext(SpringApplication.java:371) [spring-boot-1.4.3.RELEASE.jar!/:1.4.3.RELEASE]
	at org.springframework.boot.SpringApplication.run(SpringApplication.java:315) [spring-boot-1.4.3.RELEASE.jar!/:1.4.3.RELEASE]
	at org.springframework.boot.SpringApplication.run(SpringApplication.java:1186) [spring-boot-1.4.3.RELEASE.jar!/:1.4.3.RELEASE]
	at org.springframework.boot.SpringApplication.run(SpringApplication.java:1175) [spring-boot-1.4.3.RELEASE.jar!/:1.4.3.RELEASE]
	at es.fdvcode.pipool.MainPiPool.main(MainPiPool.java:20) [classes!/:0.0.1-SNAPSHOT]
	at sun.reflect.NativeMethodAccessorImpl.invoke0(Native Method) ~[?:1.8.0_131]
	at sun.reflect.NativeMethodAccessorImpl.invoke(NativeMethodAccessorImpl.java:62) ~[?:1.8.0_131]
	at sun.reflect.DelegatingMethodAccessorImpl.invoke(DelegatingMethodAccessorImpl.java:43) ~[?:1.8.0_131]
	at java.lang.reflect.Method.invoke(Method.java:498) ~[?:1.8.0_131]
	at org.springframework.boot.loader.MainMethodRunner.run(MainMethodRunner.java:48) [pipool-0.0.1-SNAPSHOT.jar:0.0.1-SNAPSHOT]
	at org.springframework.boot.loader.Launcher.launch(Launcher.java:87) [pipool-0.0.1-SNAPSHOT.jar:0.0.1-SNAPSHOT]
	at org.springframework.boot.loader.Launcher.launch(Launcher.java:50) [pipool-0.0.1-SNAPSHOT.jar:0.0.1-SNAPSHOT]
	at org.springframework.boot.loader.JarLauncher.main(JarLauncher.java:51) [pipool-0.0.1-SNAPSHOT.jar:0.0.1-SNAPSHOT]
[INFO ] 2017-08-08 19:42:03.162 [main] SondesLoader - Carreguem Sondes per defecte.
[INFO ] 2017-08-08 19:42:03.177 [main] SondesLoader - S'han trobat 3 sondes definides.
[INFO ] 2017-08-08 19:42:03.597 [main] DeviceAtlasI2C - Connectat al bus i2C. OK.
[INFO ] 2017-08-08 19:42:03.610 [main] SondesSrv - Sonda Atlas SondaTemp iniciada OK.
[INFO ] 2017-08-08 19:42:03.627 [main] DeviceAtlasI2C - Connectat al bus i2C. OK.
[INFO ] 2017-08-08 19:42:03.643 [main] SondesSrv - Sonda Atlas SondaORP iniciada OK.
[INFO ] 2017-08-08 19:42:03.651 [main] DeviceAtlasI2C - Connectat al bus i2C. OK.
[INFO ] 2017-08-08 19:42:03.657 [main] SondesSrv - Sonda Atlas SondaPH iniciada OK.
[INFO ] 2017-08-08 19:42:12.836 [main] RequestMappingHandlerAdapter - Looking for @ControllerAdvice: org.springframework.boot.context.embedded.AnnotationConfigEmbeddedWebApplicationContext@1ff8b8f: startup date [Tue Aug 08 19:41:03 CEST 2017]; root of context hierarchy
[INFO ] 2017-08-08 19:42:14.658 [main] RequestMappingHandlerMapping - Mapped "{[/api/v1/gpio/toggle],methods=[PUT]}" onto public es.fdvcode.pipool.restsrv.v1.response.RestResponse<java.lang.Boolean> es.fdvcode.pipool.restsrv.v1.GpioRestController.toggle(int)
[INFO ] 2017-08-08 19:42:14.678 [main] RequestMappingHandlerMapping - Mapped "{[/api/v1/gpio/state],methods=[GET]}" onto public es.fdvcode.pipool.restsrv.v1.response.RestResponse<java.lang.Boolean> es.fdvcode.pipool.restsrv.v1.GpioRestController.getState(int)
[INFO ] 2017-08-08 19:42:14.760 [main] RequestMappingHandlerMapping - Mapped "{[/api/v1/reles/off],methods=[PUT]}" onto public es.fdvcode.pipool.restsrv.v1.response.RestResponse<es.fdvcode.pipool.model.rele.Rele> es.fdvcode.pipool.restsrv.v1.RelesRestController.off(java.lang.String)
[INFO ] 2017-08-08 19:42:14.770 [main] RequestMappingHandlerMapping - Mapped "{[/api/v1/reles/on],methods=[PUT]}" onto public es.fdvcode.pipool.restsrv.v1.response.RestResponse<es.fdvcode.pipool.model.rele.Rele> es.fdvcode.pipool.restsrv.v1.RelesRestController.on(java.lang.String)
[INFO ] 2017-08-08 19:42:14.780 [main] RequestMappingHandlerMapping - Mapped "{[/api/v1/reles/canceltemporal],methods=[PUT]}" onto public es.fdvcode.pipool.restsrv.v1.response.RestResponse<es.fdvcode.pipool.model.rele.Rele> es.fdvcode.pipool.restsrv.v1.RelesRestController.cancelTemporal(java.lang.String)
[INFO ] 2017-08-08 19:42:14.791 [main] RequestMappingHandlerMapping - Mapped "{[/api/v1/reles/auto],methods=[PUT]}" onto public es.fdvcode.pipool.restsrv.v1.response.RestResponse<es.fdvcode.pipool.model.rele.Rele> es.fdvcode.pipool.restsrv.v1.RelesRestController.auto(java.lang.String)
[INFO ] 2017-08-08 19:42:14.801 [main] RequestMappingHandlerMapping - Mapped "{[/api/v1/reles/allinfo],methods=[GET]}" onto public es.fdvcode.pipool.restsrv.v1.response.RestResponse<java.util.Collection<es.fdvcode.pipool.model.rele.Rele>> es.fdvcode.pipool.restsrv.v1.RelesRestController.getAllInfo()
[INFO ] 2017-08-08 19:42:14.816 [main] RequestMappingHandlerMapping - Mapped "{[/api/v1/reles/allstate],methods=[GET]}" onto public es.fdvcode.pipool.restsrv.v1.response.RestResponse<java.util.List<java.lang.String>> es.fdvcode.pipool.restsrv.v1.RelesRestController.getAllState()
[INFO ] 2017-08-08 19:42:14.835 [main] RequestMappingHandlerMapping - Mapped "{[/api/v1/reles/ontemporal],methods=[PUT]}" onto public es.fdvcode.pipool.restsrv.v1.response.RestResponse<es.fdvcode.pipool.model.rele.Rele> es.fdvcode.pipool.restsrv.v1.RelesRestController.onTemporal(java.lang.String,int)
[INFO ] 2017-08-08 19:42:14.845 [main] RequestMappingHandlerMapping - Mapped "{[/api/v1/reles/{id}],methods=[GET]}" onto public es.fdvcode.pipool.restsrv.v1.response.RestResponse<es.fdvcode.pipool.model.rele.Rele> es.fdvcode.pipool.restsrv.v1.RelesRestController.getRele(java.lang.String)
[INFO ] 2017-08-08 19:42:14.855 [main] RequestMappingHandlerMapping - Mapped "{[/api/v1/reles/reload],methods=[PUT]}" onto public es.fdvcode.pipool.restsrv.v1.response.RestResponse<java.util.Collection<es.fdvcode.pipool.model.rele.Rele>> es.fdvcode.pipool.restsrv.v1.RelesRestController.reload()
[INFO ] 2017-08-08 19:42:14.886 [main] RequestMappingHandlerMapping - Mapped "{[/api/v1/rpistate/info],methods=[GET]}" onto public es.fdvcode.pipool.restsrv.v1.response.RestResponse<java.util.Map<java.lang.String, java.lang.String>> es.fdvcode.pipool.restsrv.v1.RpiStateRestController.info()
[INFO ] 2017-08-08 19:42:14.895 [main] RequestMappingHandlerMapping - Mapped "{[/api/v1/rpistate/ping],methods=[GET]}" onto public es.fdvcode.pipool.restsrv.v1.response.RestResponse<java.lang.Boolean> es.fdvcode.pipool.restsrv.v1.RpiStateRestController.ping()
[INFO ] 2017-08-08 19:42:14.906 [main] RequestMappingHandlerMapping - Mapped "{[/api/v1/rpistate/reboot],methods=[PUT]}" onto public es.fdvcode.pipool.restsrv.v1.response.RestResponse<java.lang.Boolean> es.fdvcode.pipool.restsrv.v1.RpiStateRestController.reboot()
[INFO ] 2017-08-08 19:42:14.996 [main] RequestMappingHandlerMapping - Mapped "{[/api/v1/scheduler/info],methods=[GET]}" onto public es.fdvcode.pipool.restsrv.v1.response.RestResponse<java.util.Map<java.lang.String, java.lang.String>> es.fdvcode.pipool.restsrv.v1.SchedulerRestController.info()
[INFO ] 2017-08-08 19:42:15.006 [main] RequestMappingHandlerMapping - Mapped "{[/api/v1/scheduler/start],methods=[PUT]}" onto public es.fdvcode.pipool.restsrv.v1.response.RestResponse<java.util.Map<java.lang.String, java.lang.String>> es.fdvcode.pipool.restsrv.v1.SchedulerRestController.start(int)
[INFO ] 2017-08-08 19:42:15.020 [main] RequestMappingHandlerMapping - Mapped "{[/api/v1/scheduler/stop],methods=[PUT]}" onto public es.fdvcode.pipool.restsrv.v1.response.RestResponse<java.util.Map<java.lang.String, java.lang.String>> es.fdvcode.pipool.restsrv.v1.SchedulerRestController.stop()
[INFO ] 2017-08-08 19:42:15.156 [main] RequestMappingHandlerMapping - Mapped "{[/api/v1/sonda/orp/setcalibration],methods=[PUT]}" onto public es.fdvcode.pipool.restsrv.v1.response.RestResponse<java.lang.Void> es.fdvcode.pipool.restsrv.v1.SondaORPRestController.calibration(java.lang.String)
[INFO ] 2017-08-08 19:42:15.170 [main] RequestMappingHandlerMapping - Mapped "{[/api/v1/sonda/orp/info],methods=[GET]}" onto public es.fdvcode.pipool.restsrv.v1.response.RestResponse<es.fdvcode.pipool.srv.sonda.atlasi2c.impl.SondaAtlas$DeviceInfoResponse> es.fdvcode.pipool.restsrv.v1.SondesRestController.info()
[INFO ] 2017-08-08 19:42:15.181 [main] RequestMappingHandlerMapping - Mapped "{[/api/v1/sonda/orp/get],methods=[GET]}" onto public es.fdvcode.pipool.restsrv.v1.response.RestResponse<es.fdvcode.pipool.model.sonda.Sonda> es.fdvcode.pipool.restsrv.v1.SondesRestController.getSonda()
[INFO ] 2017-08-08 19:42:15.191 [main] RequestMappingHandlerMapping - Mapped "{[/api/v1/sonda/orp/readall],methods=[GET]}" onto public es.fdvcode.pipool.restsrv.v1.response.RestResponse<java.util.Collection<es.fdvcode.pipool.model.sonda.Sonda>> es.fdvcode.pipool.restsrv.v1.SondesRestController.readAll()
[INFO ] 2017-08-08 19:42:15.201 [main] RequestMappingHandlerMapping - Mapped "{[/api/v1/sonda/orp/ledon],methods=[PUT]}" onto public es.fdvcode.pipool.restsrv.v1.response.RestResponse<java.lang.Void> es.fdvcode.pipool.restsrv.v1.SondesRestController.ledOn()
[INFO ] 2017-08-08 19:42:15.211 [main] RequestMappingHandlerMapping - Mapped "{[/api/v1/sonda/orp/ledoff],methods=[PUT]}" onto public es.fdvcode.pipool.restsrv.v1.response.RestResponse<java.lang.Void> es.fdvcode.pipool.restsrv.v1.SondesRestController.ledOff()
[INFO ] 2017-08-08 19:42:15.221 [main] RequestMappingHandlerMapping - Mapped "{[/api/v1/sonda/orp/ledstate],methods=[GET]}" onto public es.fdvcode.pipool.restsrv.v1.response.RestResponse<java.lang.Boolean> es.fdvcode.pipool.restsrv.v1.SondesRestController.ledState()
[INFO ] 2017-08-08 19:42:15.231 [main] RequestMappingHandlerMapping - Mapped "{[/api/v1/sonda/orp/ledonall],methods=[PUT]}" onto public es.fdvcode.pipool.restsrv.v1.response.RestResponse<java.lang.Boolean> es.fdvcode.pipool.restsrv.v1.SondesRestController.ledOnAll()
[INFO ] 2017-08-08 19:42:15.241 [main] RequestMappingHandlerMapping - Mapped "{[/api/v1/sonda/orp/ledoffall],methods=[PUT]}" onto public es.fdvcode.pipool.restsrv.v1.response.RestResponse<java.lang.Boolean> es.fdvcode.pipool.restsrv.v1.SondesRestController.ledOffAll()
[INFO ] 2017-08-08 19:42:15.258 [main] RequestMappingHandlerMapping - Mapped "{[/api/v1/sonda/orp/sleepall],methods=[PUT]}" onto public es.fdvcode.pipool.restsrv.v1.response.RestResponse<java.lang.Boolean> es.fdvcode.pipool.restsrv.v1.SondesRestController.sleepAll()
[INFO ] 2017-08-08 19:42:15.270 [main] RequestMappingHandlerMapping - Mapped "{[/api/v1/sonda/orp/wakeup],methods=[PUT]}" onto public es.fdvcode.pipool.restsrv.v1.response.RestResponse<java.lang.Void> es.fdvcode.pipool.restsrv.v1.SondesRestController.wakeup()
[INFO ] 2017-08-08 19:42:15.280 [main] RequestMappingHandlerMapping - Mapped "{[/api/v1/sonda/orp/wakeupall],methods=[PUT]}" onto public es.fdvcode.pipool.restsrv.v1.response.RestResponse<java.lang.Boolean> es.fdvcode.pipool.restsrv.v1.SondesRestController.wakeupAll()
[INFO ] 2017-08-08 19:42:15.290 [main] RequestMappingHandlerMapping - Mapped "{[/api/v1/sonda/orp/calibrationclear],methods=[PUT]}" onto public es.fdvcode.pipool.restsrv.v1.response.RestResponse<java.lang.Void> es.fdvcode.pipool.restsrv.v1.SondesRestController.calibrationClear()
[INFO ] 2017-08-08 19:42:15.300 [main] RequestMappingHandlerMapping - Mapped "{[/api/v1/sonda/orp/calibrationstate],methods=[GET]}" onto public es.fdvcode.pipool.restsrv.v1.response.RestResponse<java.lang.Integer> es.fdvcode.pipool.restsrv.v1.SondesRestController.calibrationGetState()
[INFO ] 2017-08-08 19:42:15.310 [main] RequestMappingHandlerMapping - Mapped "{[/api/v1/sonda/orp/execmd],methods=[PUT]}" onto public es.fdvcode.pipool.restsrv.v1.response.RestResponse<java.lang.String> es.fdvcode.pipool.restsrv.v1.SondesRestController.execCommand(java.lang.String)
[INFO ] 2017-08-08 19:42:15.321 [main] RequestMappingHandlerMapping - Mapped "{[/api/v1/sonda/orp/read],methods=[GET]}" onto public es.fdvcode.pipool.restsrv.v1.response.RestResponse<es.fdvcode.pipool.model.sonda.Sonda> es.fdvcode.pipool.restsrv.v1.SondesRestController.read()
[INFO ] 2017-08-08 19:42:15.331 [main] RequestMappingHandlerMapping - Mapped "{[/api/v1/sonda/orp/sleep],methods=[PUT]}" onto public es.fdvcode.pipool.restsrv.v1.response.RestResponse<java.lang.Void> es.fdvcode.pipool.restsrv.v1.SondesRestController.sleep()
[INFO ] 2017-08-08 19:42:15.341 [main] RequestMappingHandlerMapping - Mapped "{[/api/v1/sonda/orp/status],methods=[GET]}" onto public es.fdvcode.pipool.restsrv.v1.response.RestResponse<es.fdvcode.pipool.srv.sonda.atlasi2c.impl.SondaAtlas$DeviceStatusResponse> es.fdvcode.pipool.restsrv.v1.SondesRestController.status()
[INFO ] 2017-08-08 19:42:15.352 [main] RequestMappingHandlerMapping - Mapped "{[/api/v1/sonda/orp/reloadall],methods=[PUT]}" onto public es.fdvcode.pipool.restsrv.v1.response.RestResponse<java.util.Collection<es.fdvcode.pipool.model.sonda.Sonda>> es.fdvcode.pipool.restsrv.v1.SondesRestController.reload()
[INFO ] 2017-08-08 19:42:15.499 [main] RequestMappingHandlerMapping - Mapped "{[/api/v1/sonda/ph/setcalibrationmid],methods=[PUT]}" onto public es.fdvcode.pipool.restsrv.v1.response.RestResponse<java.lang.Void> es.fdvcode.pipool.restsrv.v1.SondaPHRestController.calibrationMid(java.lang.String)
[INFO ] 2017-08-08 19:42:15.509 [main] RequestMappingHandlerMapping - Mapped "{[/api/v1/sonda/ph/setcalibrationlow],methods=[PUT]}" onto public es.fdvcode.pipool.restsrv.v1.response.RestResponse<java.lang.Void> es.fdvcode.pipool.restsrv.v1.SondaPHRestController.calibrationLow(java.lang.String)
[INFO ] 2017-08-08 19:42:15.520 [main] RequestMappingHandlerMapping - Mapped "{[/api/v1/sonda/ph/setcalibrationhigh],methods=[PUT]}" onto public es.fdvcode.pipool.restsrv.v1.response.RestResponse<java.lang.Void> es.fdvcode.pipool.restsrv.v1.SondaPHRestController.calibrationHigh(java.lang.String)
[INFO ] 2017-08-08 19:42:15.530 [main] RequestMappingHandlerMapping - Mapped "{[/api/v1/sonda/ph/slope],methods=[GET]}" onto public es.fdvcode.pipool.restsrv.v1.response.RestResponse<es.fdvcode.pipool.srv.sonda.atlasi2c.impl.SondaAtlasPH$SlopeResponse> es.fdvcode.pipool.restsrv.v1.SondaPHRestController.slope()
[INFO ] 2017-08-08 19:42:15.540 [main] RequestMappingHandlerMapping - Mapped "{[/api/v1/sonda/ph/gettempcompensation],methods=[GET]}" onto public es.fdvcode.pipool.restsrv.v1.response.RestResponse<java.lang.String> es.fdvcode.pipool.restsrv.v1.SondaPHRestController.getTempCompensation()
[INFO ] 2017-08-08 19:42:15.557 [main] RequestMappingHandlerMapping - Mapped "{[/api/v1/sonda/ph/settempcompensation],methods=[PUT]}" onto public es.fdvcode.pipool.restsrv.v1.response.RestResponse<java.lang.Void> es.fdvcode.pipool.restsrv.v1.SondaPHRestController.setTempCompensation(java.lang.String)
[INFO ] 2017-08-08 19:42:15.568 [main] RequestMappingHandlerMapping - Mapped "{[/api/v1/sonda/ph/info],methods=[GET]}" onto public es.fdvcode.pipool.restsrv.v1.response.RestResponse<es.fdvcode.pipool.srv.sonda.atlasi2c.impl.SondaAtlas$DeviceInfoResponse> es.fdvcode.pipool.restsrv.v1.SondesRestController.info()
[INFO ] 2017-08-08 19:42:15.578 [main] RequestMappingHandlerMapping - Mapped "{[/api/v1/sonda/ph/get],methods=[GET]}" onto public es.fdvcode.pipool.restsrv.v1.response.RestResponse<es.fdvcode.pipool.model.sonda.Sonda> es.fdvcode.pipool.restsrv.v1.SondesRestController.getSonda()
[INFO ] 2017-08-08 19:42:15.588 [main] RequestMappingHandlerMapping - Mapped "{[/api/v1/sonda/ph/readall],methods=[GET]}" onto public es.fdvcode.pipool.restsrv.v1.response.RestResponse<java.util.Collection<es.fdvcode.pipool.model.sonda.Sonda>> es.fdvcode.pipool.restsrv.v1.SondesRestController.readAll()
[INFO ] 2017-08-08 19:42:15.597 [main] RequestMappingHandlerMapping - Mapped "{[/api/v1/sonda/ph/ledon],methods=[PUT]}" onto public es.fdvcode.pipool.restsrv.v1.response.RestResponse<java.lang.Void> es.fdvcode.pipool.restsrv.v1.SondesRestController.ledOn()
[INFO ] 2017-08-08 19:42:15.607 [main] RequestMappingHandlerMapping - Mapped "{[/api/v1/sonda/ph/ledoff],methods=[PUT]}" onto public es.fdvcode.pipool.restsrv.v1.response.RestResponse<java.lang.Void> es.fdvcode.pipool.restsrv.v1.SondesRestController.ledOff()
[INFO ] 2017-08-08 19:42:15.616 [main] RequestMappingHandlerMapping - Mapped "{[/api/v1/sonda/ph/ledstate],methods=[GET]}" onto public es.fdvcode.pipool.restsrv.v1.response.RestResponse<java.lang.Boolean> es.fdvcode.pipool.restsrv.v1.SondesRestController.ledState()
[INFO ] 2017-08-08 19:42:15.627 [main] RequestMappingHandlerMapping - Mapped "{[/api/v1/sonda/ph/ledonall],methods=[PUT]}" onto public es.fdvcode.pipool.restsrv.v1.response.RestResponse<java.lang.Boolean> es.fdvcode.pipool.restsrv.v1.SondesRestController.ledOnAll()
[INFO ] 2017-08-08 19:42:15.636 [main] RequestMappingHandlerMapping - Mapped "{[/api/v1/sonda/ph/ledoffall],methods=[PUT]}" onto public es.fdvcode.pipool.restsrv.v1.response.RestResponse<java.lang.Boolean> es.fdvcode.pipool.restsrv.v1.SondesRestController.ledOffAll()
[INFO ] 2017-08-08 19:42:15.646 [main] RequestMappingHandlerMapping - Mapped "{[/api/v1/sonda/ph/sleepall],methods=[PUT]}" onto public es.fdvcode.pipool.restsrv.v1.response.RestResponse<java.lang.Boolean> es.fdvcode.pipool.restsrv.v1.SondesRestController.sleepAll()
[INFO ] 2017-08-08 19:42:15.656 [main] RequestMappingHandlerMapping - Mapped "{[/api/v1/sonda/ph/wakeup],methods=[PUT]}" onto public es.fdvcode.pipool.restsrv.v1.response.RestResponse<java.lang.Void> es.fdvcode.pipool.restsrv.v1.SondesRestController.wakeup()
[INFO ] 2017-08-08 19:42:15.665 [main] RequestMappingHandlerMapping - Mapped "{[/api/v1/sonda/ph/wakeupall],methods=[PUT]}" onto public es.fdvcode.pipool.restsrv.v1.response.RestResponse<java.lang.Boolean> es.fdvcode.pipool.restsrv.v1.SondesRestController.wakeupAll()
[INFO ] 2017-08-08 19:42:15.675 [main] RequestMappingHandlerMapping - Mapped "{[/api/v1/sonda/ph/calibrationclear],methods=[PUT]}" onto public es.fdvcode.pipool.restsrv.v1.response.RestResponse<java.lang.Void> es.fdvcode.pipool.restsrv.v1.SondesRestController.calibrationClear()
[INFO ] 2017-08-08 19:42:15.685 [main] RequestMappingHandlerMapping - Mapped "{[/api/v1/sonda/ph/calibrationstate],methods=[GET]}" onto public es.fdvcode.pipool.restsrv.v1.response.RestResponse<java.lang.Integer> es.fdvcode.pipool.restsrv.v1.SondesRestController.calibrationGetState()
[INFO ] 2017-08-08 19:42:15.694 [main] RequestMappingHandlerMapping - Mapped "{[/api/v1/sonda/ph/execmd],methods=[PUT]}" onto public es.fdvcode.pipool.restsrv.v1.response.RestResponse<java.lang.String> es.fdvcode.pipool.restsrv.v1.SondesRestController.execCommand(java.lang.String)
[INFO ] 2017-08-08 19:42:15.703 [main] RequestMappingHandlerMapping - Mapped "{[/api/v1/sonda/ph/read],methods=[GET]}" onto public es.fdvcode.pipool.restsrv.v1.response.RestResponse<es.fdvcode.pipool.model.sonda.Sonda> es.fdvcode.pipool.restsrv.v1.SondesRestController.read()
[INFO ] 2017-08-08 19:42:15.711 [main] RequestMappingHandlerMapping - Mapped "{[/api/v1/sonda/ph/sleep],methods=[PUT]}" onto public es.fdvcode.pipool.restsrv.v1.response.RestResponse<java.lang.Void> es.fdvcode.pipool.restsrv.v1.SondesRestController.sleep()
[INFO ] 2017-08-08 19:42:15.719 [main] RequestMappingHandlerMapping - Mapped "{[/api/v1/sonda/ph/status],methods=[GET]}" onto public es.fdvcode.pipool.restsrv.v1.response.RestResponse<es.fdvcode.pipool.srv.sonda.atlasi2c.impl.SondaAtlas$DeviceStatusResponse> es.fdvcode.pipool.restsrv.v1.SondesRestController.status()
[INFO ] 2017-08-08 19:42:15.728 [main] RequestMappingHandlerMapping - Mapped "{[/api/v1/sonda/ph/reloadall],methods=[PUT]}" onto public es.fdvcode.pipool.restsrv.v1.response.RestResponse<java.util.Collection<es.fdvcode.pipool.model.sonda.Sonda>> es.fdvcode.pipool.restsrv.v1.SondesRestController.reload()
[INFO ] 2017-08-08 19:42:15.850 [main] RequestMappingHandlerMapping - Mapped "{[/api/v1/sonda/temp/setcalibration],methods=[PUT]}" onto public es.fdvcode.pipool.restsrv.v1.response.RestResponse<java.lang.Void> es.fdvcode.pipool.restsrv.v1.SondaTempRestController.calibration(java.lang.String)
[INFO ] 2017-08-08 19:42:15.858 [main] RequestMappingHandlerMapping - Mapped "{[/api/v1/sonda/temp/info],methods=[GET]}" onto public es.fdvcode.pipool.restsrv.v1.response.RestResponse<es.fdvcode.pipool.srv.sonda.atlasi2c.impl.SondaAtlas$DeviceInfoResponse> es.fdvcode.pipool.restsrv.v1.SondesRestController.info()
[INFO ] 2017-08-08 19:42:15.867 [main] RequestMappingHandlerMapping - Mapped "{[/api/v1/sonda/temp/get],methods=[GET]}" onto public es.fdvcode.pipool.restsrv.v1.response.RestResponse<es.fdvcode.pipool.model.sonda.Sonda> es.fdvcode.pipool.restsrv.v1.SondesRestController.getSonda()
[INFO ] 2017-08-08 19:42:15.875 [main] RequestMappingHandlerMapping - Mapped "{[/api/v1/sonda/temp/readall],methods=[GET]}" onto public es.fdvcode.pipool.restsrv.v1.response.RestResponse<java.util.Collection<es.fdvcode.pipool.model.sonda.Sonda>> es.fdvcode.pipool.restsrv.v1.SondesRestController.readAll()
[INFO ] 2017-08-08 19:42:15.884 [main] RequestMappingHandlerMapping - Mapped "{[/api/v1/sonda/temp/ledon],methods=[PUT]}" onto public es.fdvcode.pipool.restsrv.v1.response.RestResponse<java.lang.Void> es.fdvcode.pipool.restsrv.v1.SondesRestController.ledOn()
[INFO ] 2017-08-08 19:42:15.892 [main] RequestMappingHandlerMapping - Mapped "{[/api/v1/sonda/temp/ledoff],methods=[PUT]}" onto public es.fdvcode.pipool.restsrv.v1.response.RestResponse<java.lang.Void> es.fdvcode.pipool.restsrv.v1.SondesRestController.ledOff()
[INFO ] 2017-08-08 19:42:15.900 [main] RequestMappingHandlerMapping - Mapped "{[/api/v1/sonda/temp/ledstate],methods=[GET]}" onto public es.fdvcode.pipool.restsrv.v1.response.RestResponse<java.lang.Boolean> es.fdvcode.pipool.restsrv.v1.SondesRestController.ledState()
[INFO ] 2017-08-08 19:42:15.909 [main] RequestMappingHandlerMapping - Mapped "{[/api/v1/sonda/temp/ledonall],methods=[PUT]}" onto public es.fdvcode.pipool.restsrv.v1.response.RestResponse<java.lang.Boolean> es.fdvcode.pipool.restsrv.v1.SondesRestController.ledOnAll()
[INFO ] 2017-08-08 19:42:15.917 [main] RequestMappingHandlerMapping - Mapped "{[/api/v1/sonda/temp/ledoffall],methods=[PUT]}" onto public es.fdvcode.pipool.restsrv.v1.response.RestResponse<java.lang.Boolean> es.fdvcode.pipool.restsrv.v1.SondesRestController.ledOffAll()
[INFO ] 2017-08-08 19:42:15.935 [main] RequestMappingHandlerMapping - Mapped "{[/api/v1/sonda/temp/sleepall],methods=[PUT]}" onto public es.fdvcode.pipool.restsrv.v1.response.RestResponse<java.lang.Boolean> es.fdvcode.pipool.restsrv.v1.SondesRestController.sleepAll()
[INFO ] 2017-08-08 19:42:15.943 [main] RequestMappingHandlerMapping - Mapped "{[/api/v1/sonda/temp/wakeup],methods=[PUT]}" onto public es.fdvcode.pipool.restsrv.v1.response.RestResponse<java.lang.Void> es.fdvcode.pipool.restsrv.v1.SondesRestController.wakeup()
[INFO ] 2017-08-08 19:42:15.958 [main] RequestMappingHandlerMapping - Mapped "{[/api/v1/sonda/temp/wakeupall],methods=[PUT]}" onto public es.fdvcode.pipool.restsrv.v1.response.RestResponse<java.lang.Boolean> es.fdvcode.pipool.restsrv.v1.SondesRestController.wakeupAll()
[INFO ] 2017-08-08 19:42:15.968 [main] RequestMappingHandlerMapping - Mapped "{[/api/v1/sonda/temp/calibrationclear],methods=[PUT]}" onto public es.fdvcode.pipool.restsrv.v1.response.RestResponse<java.lang.Void> es.fdvcode.pipool.restsrv.v1.SondesRestController.calibrationClear()
[INFO ] 2017-08-08 19:42:15.977 [main] RequestMappingHandlerMapping - Mapped "{[/api/v1/sonda/temp/calibrationstate],methods=[GET]}" onto public es.fdvcode.pipool.restsrv.v1.response.RestResponse<java.lang.Integer> es.fdvcode.pipool.restsrv.v1.SondesRestController.calibrationGetState()
[INFO ] 2017-08-08 19:42:15.985 [main] RequestMappingHandlerMapping - Mapped "{[/api/v1/sonda/temp/execmd],methods=[PUT]}" onto public es.fdvcode.pipool.restsrv.v1.response.RestResponse<java.lang.String> es.fdvcode.pipool.restsrv.v1.SondesRestController.execCommand(java.lang.String)
[INFO ] 2017-08-08 19:42:15.994 [main] RequestMappingHandlerMapping - Mapped "{[/api/v1/sonda/temp/read],methods=[GET]}" onto public es.fdvcode.pipool.restsrv.v1.response.RestResponse<es.fdvcode.pipool.model.sonda.Sonda> es.fdvcode.pipool.restsrv.v1.SondesRestController.read()
[INFO ] 2017-08-08 19:42:16.002 [main] RequestMappingHandlerMapping - Mapped "{[/api/v1/sonda/temp/sleep],methods=[PUT]}" onto public es.fdvcode.pipool.restsrv.v1.response.RestResponse<java.lang.Void> es.fdvcode.pipool.restsrv.v1.SondesRestController.sleep()
[INFO ] 2017-08-08 19:42:16.010 [main] RequestMappingHandlerMapping - Mapped "{[/api/v1/sonda/temp/status],methods=[GET]}" onto public es.fdvcode.pipool.restsrv.v1.response.RestResponse<es.fdvcode.pipool.srv.sonda.atlasi2c.impl.SondaAtlas$DeviceStatusResponse> es.fdvcode.pipool.restsrv.v1.SondesRestController.status()
[INFO ] 2017-08-08 19:42:16.018 [main] RequestMappingHandlerMapping - Mapped "{[/api/v1/sonda/temp/reloadall],methods=[PUT]}" onto public es.fdvcode.pipool.restsrv.v1.response.RestResponse<java.util.Collection<es.fdvcode.pipool.model.sonda.Sonda>> es.fdvcode.pipool.restsrv.v1.SondesRestController.reload()
[INFO ] 2017-08-08 19:42:16.072 [main] RequestMappingHandlerMapping - Mapped "{[/error],produces=[text/html]}" onto public org.springframework.web.servlet.ModelAndView org.springframework.boot.autoconfigure.web.BasicErrorController.errorHtml(javax.servlet.http.HttpServletRequest,javax.servlet.http.HttpServletResponse)
[INFO ] 2017-08-08 19:42:16.080 [main] RequestMappingHandlerMapping - Mapped "{[/error]}" onto public org.springframework.http.ResponseEntity<java.util.Map<java.lang.String, java.lang.Object>> org.springframework.boot.autoconfigure.web.BasicErrorController.error(javax.servlet.http.HttpServletRequest)
[INFO ] 2017-08-08 19:42:17.492 [main] SimpleUrlHandlerMapping - Mapped URL path [/webjars/**] onto handler of type [class org.springframework.web.servlet.resource.ResourceHttpRequestHandler]
[INFO ] 2017-08-08 19:42:17.506 [main] SimpleUrlHandlerMapping - Mapped URL path [/**] onto handler of type [class org.springframework.web.servlet.resource.ResourceHttpRequestHandler]
[INFO ] 2017-08-08 19:42:18.689 [main] SimpleUrlHandlerMapping - Mapped URL path [/**/favicon.ico] onto handler of type [class org.springframework.web.servlet.resource.ResourceHttpRequestHandler]
[INFO ] 2017-08-08 19:42:28.469 [main] EndpointHandlerMapping - Mapped "{[/trace || /trace.json],methods=[GET],produces=[application/json]}" onto public java.lang.Object org.springframework.boot.actuate.endpoint.mvc.EndpointMvcAdapter.invoke()
[INFO ] 2017-08-08 19:42:28.524 [main] EndpointHandlerMapping - Mapped "{[/env/{name:.*}],methods=[GET],produces=[application/json]}" onto public java.lang.Object org.springframework.boot.actuate.endpoint.mvc.EnvironmentMvcEndpoint.value(java.lang.String)
[INFO ] 2017-08-08 19:42:28.531 [main] EndpointHandlerMapping - Mapped "{[/env || /env.json],methods=[GET],produces=[application/json]}" onto public java.lang.Object org.springframework.boot.actuate.endpoint.mvc.EndpointMvcAdapter.invoke()
[INFO ] 2017-08-08 19:42:28.558 [main] EndpointHandlerMapping - Mapped "{[/beans || /beans.json],methods=[GET],produces=[application/json]}" onto public java.lang.Object org.springframework.boot.actuate.endpoint.mvc.EndpointMvcAdapter.invoke()
[INFO ] 2017-08-08 19:42:28.572 [main] EndpointHandlerMapping - Mapped "{[/health || /health.json],produces=[application/json]}" onto public java.lang.Object org.springframework.boot.actuate.endpoint.mvc.HealthMvcEndpoint.invoke(java.security.Principal)
[INFO ] 2017-08-08 19:42:28.593 [main] EndpointHandlerMapping - Mapped "{[/info || /info.json],methods=[GET],produces=[application/json]}" onto public java.lang.Object org.springframework.boot.actuate.endpoint.mvc.EndpointMvcAdapter.invoke()
[INFO ] 2017-08-08 19:42:28.611 [main] EndpointHandlerMapping - Mapped "{[/dump || /dump.json],methods=[GET],produces=[application/json]}" onto public java.lang.Object org.springframework.boot.actuate.endpoint.mvc.EndpointMvcAdapter.invoke()
[INFO ] 2017-08-08 19:42:28.630 [main] EndpointHandlerMapping - Mapped "{[/configprops || /configprops.json],methods=[GET],produces=[application/json]}" onto public java.lang.Object org.springframework.boot.actuate.endpoint.mvc.EndpointMvcAdapter.invoke()
[INFO ] 2017-08-08 19:42:28.652 [main] EndpointHandlerMapping - Mapped "{[/mappings || /mappings.json],methods=[GET],produces=[application/json]}" onto public java.lang.Object org.springframework.boot.actuate.endpoint.mvc.EndpointMvcAdapter.invoke()
[INFO ] 2017-08-08 19:42:28.731 [main] EndpointHandlerMapping - Mapped "{[/autoconfig || /autoconfig.json],methods=[GET],produces=[application/json]}" onto public java.lang.Object org.springframework.boot.actuate.endpoint.mvc.EndpointMvcAdapter.invoke()
[INFO ] 2017-08-08 19:42:28.767 [main] EndpointHandlerMapping - Mapped "{[/heapdump || /heapdump.json],methods=[GET],produces=[application/octet-stream]}" onto public void org.springframework.boot.actuate.endpoint.mvc.HeapdumpMvcEndpoint.invoke(boolean,javax.servlet.http.HttpServletRequest,javax.servlet.http.HttpServletResponse) throws java.io.IOException,javax.servlet.ServletException
[INFO ] 2017-08-08 19:42:28.798 [main] EndpointHandlerMapping - Mapped "{[/metrics/{name:.*}],methods=[GET],produces=[application/json]}" onto public java.lang.Object org.springframework.boot.actuate.endpoint.mvc.MetricsMvcEndpoint.value(java.lang.String)
[INFO ] 2017-08-08 19:42:28.804 [main] EndpointHandlerMapping - Mapped "{[/metrics || /metrics.json],methods=[GET],produces=[application/json]}" onto public java.lang.Object org.springframework.boot.actuate.endpoint.mvc.EndpointMvcAdapter.invoke()
[INFO ] 2017-08-08 19:42:32.675 [main] AnnotationMBeanExporter - Registering beans for JMX exposure on startup
[INFO ] 2017-08-08 19:42:32.899 [main] EndpointMBeanExporter - Registering beans for JMX exposure on startup
[INFO ] 2017-08-08 19:42:32.994 [main] DefaultLifecycleProcessor - Starting beans in phase 0
[INFO ] 2017-08-08 19:42:33.122 [main] EndpointMBeanExporter - Located managed bean 'requestMappingEndpoint': registering with JMX server as MBean [org.springframework.boot:type=Endpoint,name=requestMappingEndpoint]
[INFO ] 2017-08-08 19:42:33.742 [main] EndpointMBeanExporter - Located managed bean 'environmentEndpoint': registering with JMX server as MBean [org.springframework.boot:type=Endpoint,name=environmentEndpoint]
[INFO ] 2017-08-08 19:42:33.861 [main] EndpointMBeanExporter - Located managed bean 'healthEndpoint': registering with JMX server as MBean [org.springframework.boot:type=Endpoint,name=healthEndpoint]
[INFO ] 2017-08-08 19:42:33.956 [main] EndpointMBeanExporter - Located managed bean 'beansEndpoint': registering with JMX server as MBean [org.springframework.boot:type=Endpoint,name=beansEndpoint]
[INFO ] 2017-08-08 19:42:34.072 [main] EndpointMBeanExporter - Located managed bean 'infoEndpoint': registering with JMX server as MBean [org.springframework.boot:type=Endpoint,name=infoEndpoint]
[INFO ] 2017-08-08 19:42:34.152 [main] EndpointMBeanExporter - Located managed bean 'metricsEndpoint': registering with JMX server as MBean [org.springframework.boot:type=Endpoint,name=metricsEndpoint]
[INFO ] 2017-08-08 19:42:34.223 [main] EndpointMBeanExporter - Located managed bean 'traceEndpoint': registering with JMX server as MBean [org.springframework.boot:type=Endpoint,name=traceEndpoint]
[INFO ] 2017-08-08 19:42:34.288 [main] EndpointMBeanExporter - Located managed bean 'dumpEndpoint': registering with JMX server as MBean [org.springframework.boot:type=Endpoint,name=dumpEndpoint]
[INFO ] 2017-08-08 19:42:34.419 [main] EndpointMBeanExporter - Located managed bean 'autoConfigurationReportEndpoint': registering with JMX server as MBean [org.springframework.boot:type=Endpoint,name=autoConfigurationReportEndpoint]
[INFO ] 2017-08-08 19:42:34.508 [main] EndpointMBeanExporter - Located managed bean 'configurationPropertiesReportEndpoint': registering with JMX server as MBean [org.springframework.boot:type=Endpoint,name=configurationPropertiesReportEndpoint]
[INFO ] 2017-08-08 19:42:34.988 [main] application - Initializing Spring FrameworkServlet 'dispatcherServlet'
[INFO ] 2017-08-08 19:42:34.994 [main] DispatcherServlet - FrameworkServlet 'dispatcherServlet': initialization started
[INFO ] 2017-08-08 19:42:35.447 [main] DispatcherServlet - FrameworkServlet 'dispatcherServlet': initialization completed in 447 ms
[INFO ] 2017-08-08 19:42:35.925 [main] AbstractConnector - Started ServerConnector@9a4f52{HTTP/1.1,[http/1.1]}{0.0.0.0:8045}
[INFO ] 2017-08-08 19:42:35.981 [main] JettyEmbeddedServletContainer - Jetty started on port(s) 8045 (http/1.1)
[INFO ] 2017-08-08 19:42:36.071 [main] PiPoolInitializer - Inicialitzaci de PiPool.
[INFO ] 2017-08-08 19:42:36.078 [main] RelesSrv - Inicialitza GPios dels RELE's.
[INFO ] 2017-08-08 19:42:36.307 [main] RelesSrv - S'ha inicialitzat el Pin GPIO:25 amb Nom:Motor Bomba Filtre, isON:false i GpioPinHigh:true.
[INFO ] 2017-08-08 19:42:36.424 [main] RelesSrv - S'ha inicialitzat el Pin GPIO:23 amb Nom:Llums Piscina, isON:false i GpioPinHigh:true.
[INFO ] 2017-08-08 19:42:36.531 [main] RelesSrv - S'ha inicialitzat el Pin GPIO:24 amb Nom:Motor Bomba LFI, isON:false i GpioPinHigh:true.
[INFO ] 2017-08-08 19:42:36.537 [main] SchedulerSrv - Start Scheduler amb initialDelay=0 y periodSeconds=5.
[INFO ] 2017-08-08 19:42:36.556 [main] MainPiPool - Started MainPiPool in 109.389 seconds (JVM running for 126.46)
[INFO ] 2017-08-08 19:43:00.150 [qtp11510809-12] SondaTempRestController - REST - READ en Sonda RTD with address=102.
[INFO ] 2017-08-08 19:43:00.293 [qtp11510809-12] DeviceAtlasI2C - Exec Commmand [R] en Sonda [SondaTemp].
[INFO ] 2017-08-08 19:43:01.374 [qtp11510809-12] DeviceAtlasI2C - Resultat Exec Commmand [R] en Sonda [SondaTemp]: 31.510
[INFO ] 2017-08-08 19:43:01.395 [qtp11510809-12] SondaTempRestController - Sonda RTD INFO: [
id=SondaTemp
nom=Sonda TempC
address=102
unitats=C
stateSonda=-->(es.fdvcode.pipool.model.sonda.StateSonda):
[
sonda=es.fdvcode.pipool.model.sonda.Sonda@11162e7
valor=31.510]
]

[INFO ] 2017-08-08 19:43:32.801 [qtp11510809-13] SondaTempRestController - REST - Read State of All Sondes.
[INFO ] 2017-08-08 19:43:32.823 [qtp11510809-13] DeviceAtlasI2C - Exec Commmand [R] en Sonda [SondaTemp].
[INFO ] 2017-08-08 19:43:33.837 [qtp11510809-13] DeviceAtlasI2C - Resultat Exec Commmand [R] en Sonda [SondaTemp]: 31.511
[INFO ] 2017-08-08 19:43:33.846 [qtp11510809-13] SondaTempRestController - Sonda Id:SondaTemp, Valor:31.511, Unitats:C
[INFO ] 2017-08-08 19:43:33.854 [qtp11510809-13] DeviceAtlasI2C - Exec Commmand [R] en Sonda [SondaORP].
[INFO ] 2017-08-08 19:43:34.868 [qtp11510809-13] DeviceAtlasI2C - Resultat Exec Commmand [R] en Sonda [SondaORP]: 1018.5
[INFO ] 2017-08-08 19:43:34.877 [qtp11510809-13] SondaTempRestController - Sonda Id:SondaORP, Valor:1018.5, Unitats:mV
[INFO ] 2017-08-08 19:43:34.887 [qtp11510809-13] DeviceAtlasI2C - Exec Commmand [R] en Sonda [SondaPH].
[INFO ] 2017-08-08 19:43:35.903 [qtp11510809-13] DeviceAtlasI2C - Resultat Exec Commmand [R] en Sonda [SondaPH]: 0.000
[INFO ] 2017-08-08 19:43:35.910 [qtp11510809-13] SondaTempRestController - Sonda Id:SondaPH, Valor:0.000, Unitats:ph
[WARN ] 2017-08-08 19:45:26.612 [qtp11510809-13] PageNotFound - Request method 'GET' not supported
[INFO ] 2017-08-08 19:45:39.736 [qtp11510809-14] SondaTempRestController - REST - LED OFF All Sondes.
[INFO ] 2017-08-08 19:45:39.749 [qtp11510809-14] DeviceAtlasI2C - Exec Commmand [L,0] en Sonda [SondaTemp].
[INFO ] 2017-08-08 19:45:40.264 [qtp11510809-14] DeviceAtlasI2C - Resultat Exec Commmand [L,0] en Sonda [SondaTemp]: 
[INFO ] 2017-08-08 19:45:40.272 [qtp11510809-14] DeviceAtlasI2C - Exec Commmand [L,0] en Sonda [SondaORP].
[INFO ] 2017-08-08 19:45:40.785 [qtp11510809-14] DeviceAtlasI2C - Resultat Exec Commmand [L,0] en Sonda [SondaORP]: 
[INFO ] 2017-08-08 19:45:40.792 [qtp11510809-14] DeviceAtlasI2C - Exec Commmand [L,0] en Sonda [SondaPH].
[INFO ] 2017-08-08 19:45:41.305 [qtp11510809-14] DeviceAtlasI2C - Resultat Exec Commmand [L,0] en Sonda [SondaPH]: 
[INFO ] 2017-08-08 19:46:09.147 [qtp11510809-16] SondaTempRestController - REST - LED ON All Sondes.
[INFO ] 2017-08-08 19:46:09.161 [qtp11510809-16] DeviceAtlasI2C - Exec Commmand [L,1] en Sonda [SondaTemp].
[INFO ] 2017-08-08 19:46:09.674 [qtp11510809-16] DeviceAtlasI2C - Resultat Exec Commmand [L,1] en Sonda [SondaTemp]: 
[INFO ] 2017-08-08 19:46:09.688 [qtp11510809-16] DeviceAtlasI2C - Exec Commmand [L,1] en Sonda [SondaORP].
[INFO ] 2017-08-08 19:46:10.200 [qtp11510809-16] DeviceAtlasI2C - Resultat Exec Commmand [L,1] en Sonda [SondaORP]: 
[INFO ] 2017-08-08 19:46:10.209 [qtp11510809-16] DeviceAtlasI2C - Exec Commmand [L,1] en Sonda [SondaPH].
[INFO ] 2017-08-08 19:46:10.724 [qtp11510809-16] DeviceAtlasI2C - Resultat Exec Commmand [L,1] en Sonda [SondaPH]: 
[INFO ] 2017-08-08 20:04:34.152 [qtp11510809-14] RpiStateRestController - REST - Get Info rPi.
[INFO ] 2017-08-08 20:04:34.567 [qtp11510809-14] RpiStateRestController - rPi INFO: [

head=DateTimeActual=Tue Aug 08 20:04:34 CEST 2017
tail=NetworkList=Selected interface 'wlan0'
network id / ssid / bssid / flags
0	WIFI HABITACIONS	any	[CURRENT]

accessOrder=false]

[INFO ] 2017-08-08 20:06:37.009 [qtp11510809-12] RelesRestController - REST - Get State of All Reles.
[INFO ] 2017-08-08 20:06:37.030 [qtp11510809-12] RelesRestController - Rele id:ReleBomba, releON:false, estatPin:true
[INFO ] 2017-08-08 20:06:37.037 [qtp11510809-12] RelesRestController - Rele id:ReleLlums, releON:false, estatPin:true
[INFO ] 2017-08-08 20:06:37.043 [qtp11510809-12] RelesRestController - Rele id:ReleLfi, releON:false, estatPin:true
[INFO ] 2017-08-08 21:53:52.617 [qtp11510809-15] RpiStateRestController - REST - Get Info rPi.
[INFO ] 2017-08-08 21:53:52.778 [qtp11510809-15] RpiStateRestController - rPi INFO: [

head=DateTimeActual=Tue Aug 08 21:53:52 CEST 2017
tail=NetworkList=Selected interface 'wlan0'
network id / ssid / bssid / flags
0	WIFI HABITACIONS	any	[CURRENT]

accessOrder=false]

[INFO ] 2017-08-08 21:54:27.682 [qtp11510809-17] SondaTempRestController - REST - Read State of All Sondes.
[INFO ] 2017-08-08 21:54:27.693 [qtp11510809-17] DeviceAtlasI2C - Exec Commmand [R] en Sonda [SondaTemp].
[INFO ] 2017-08-08 21:54:28.706 [qtp11510809-17] DeviceAtlasI2C - Resultat Exec Commmand [R] en Sonda [SondaTemp]: 30.630
[INFO ] 2017-08-08 21:54:28.714 [qtp11510809-17] SondaTempRestController - Sonda Id:SondaTemp, Valor:30.630, Unitats:C
[INFO ] 2017-08-08 21:54:28.734 [qtp11510809-17] DeviceAtlasI2C - Exec Commmand [R] en Sonda [SondaORP].
[INFO ] 2017-08-08 21:54:29.748 [qtp11510809-17] DeviceAtlasI2C - Resultat Exec Commmand [R] en Sonda [SondaORP]: 1018.3
[INFO ] 2017-08-08 21:54:29.755 [qtp11510809-17] SondaTempRestController - Sonda Id:SondaORP, Valor:1018.3, Unitats:mV
[INFO ] 2017-08-08 21:54:29.774 [qtp11510809-17] DeviceAtlasI2C - Exec Commmand [R] en Sonda [SondaPH].
[INFO ] 2017-08-08 21:54:30.786 [qtp11510809-17] DeviceAtlasI2C - Resultat Exec Commmand [R] en Sonda [SondaPH]: 0.000
[INFO ] 2017-08-08 21:54:30.794 [qtp11510809-17] SondaTempRestController - Sonda Id:SondaPH, Valor:0.000, Unitats:ph
[INFO ] 2017-08-08 21:56:42.055 [qtp11510809-13] SondaTempRestController - REST - Get Sonda RTD with address=102.
[INFO ] 2017-08-08 21:56:42.066 [qtp11510809-13] SondaTempRestController - Sonda RTD INFO: [
id=SondaTemp
nom=Sonda TempC
address=102
unitats=C
stateSonda=-->(es.fdvcode.pipool.model.sonda.StateSonda):
[
sonda=es.fdvcode.pipool.model.sonda.Sonda@11162e7
valor=30.630]
]

[INFO ] 2017-08-08 21:56:57.907 [qtp11510809-15] SondaTempRestController - REST - Get Sonda RTD with address=102.
[INFO ] 2017-08-08 21:56:57.916 [qtp11510809-15] SondaTempRestController - Sonda RTD INFO: [
id=SondaTemp
nom=Sonda TempC
address=102
unitats=C
stateSonda=-->(es.fdvcode.pipool.model.sonda.StateSonda):
[
sonda=es.fdvcode.pipool.model.sonda.Sonda@11162e7
valor=30.630]
]

[INFO ] 2017-08-08 21:57:11.630 [qtp11510809-10] SondaTempRestController - REST - READ en Sonda RTD with address=102.
[INFO ] 2017-08-08 21:57:11.638 [qtp11510809-10] DeviceAtlasI2C - Exec Commmand [R] en Sonda [SondaTemp].
[INFO ] 2017-08-08 21:57:12.651 [qtp11510809-10] DeviceAtlasI2C - Resultat Exec Commmand [R] en Sonda [SondaTemp]: 30.611
[INFO ] 2017-08-08 21:57:12.659 [qtp11510809-10] SondaTempRestController - Sonda RTD INFO: [
id=SondaTemp
nom=Sonda TempC
address=102
unitats=C
stateSonda=-->(es.fdvcode.pipool.model.sonda.StateSonda):
[
sonda=es.fdvcode.pipool.model.sonda.Sonda@11162e7
valor=30.611]
]

[INFO ] 2017-08-08 21:57:23.620 [qtp11510809-14] SondaTempRestController - REST - READ en Sonda RTD with address=102.
[INFO ] 2017-08-08 21:57:23.631 [qtp11510809-14] DeviceAtlasI2C - Exec Commmand [R] en Sonda [SondaTemp].
[INFO ] 2017-08-08 21:57:24.645 [qtp11510809-14] DeviceAtlasI2C - Resultat Exec Commmand [R] en Sonda [SondaTemp]: 30.595
[INFO ] 2017-08-08 21:57:24.652 [qtp11510809-14] SondaTempRestController - Sonda RTD INFO: [
id=SondaTemp
nom=Sonda TempC
address=102
unitats=C
stateSonda=-->(es.fdvcode.pipool.model.sonda.StateSonda):
[
sonda=es.fdvcode.pipool.model.sonda.Sonda@11162e7
valor=30.595]
]

[INFO ] 2017-08-08 21:57:37.761 [qtp11510809-12] SondaTempRestController - REST - Get Sonda RTD with address=102.
[INFO ] 2017-08-08 21:57:37.771 [qtp11510809-12] SondaTempRestController - Sonda RTD INFO: [
id=SondaTemp
nom=Sonda TempC
address=102
unitats=C
stateSonda=-->(es.fdvcode.pipool.model.sonda.StateSonda):
[
sonda=es.fdvcode.pipool.model.sonda.Sonda@11162e7
valor=30.595]
]

[INFO ] 2017-08-08 21:57:47.326 [qtp11510809-17] SondaTempRestController - REST - Get Sonda RTD with address=102.
[INFO ] 2017-08-08 21:57:47.337 [qtp11510809-17] SondaTempRestController - Sonda RTD INFO: [
id=SondaTemp
nom=Sonda TempC
address=102
unitats=C
stateSonda=-->(es.fdvcode.pipool.model.sonda.StateSonda):
[
sonda=es.fdvcode.pipool.model.sonda.Sonda@11162e7
valor=30.595]
]

[INFO ] 2017-08-08 21:57:49.800 [qtp11510809-15] SondaTempRestController - REST - Get Sonda RTD with address=102.
[INFO ] 2017-08-08 21:57:49.809 [qtp11510809-15] SondaTempRestController - Sonda RTD INFO: [
id=SondaTemp
nom=Sonda TempC
address=102
unitats=C
stateSonda=-->(es.fdvcode.pipool.model.sonda.StateSonda):
[
sonda=es.fdvcode.pipool.model.sonda.Sonda@11162e7
valor=30.595]
]

[INFO ] 2017-08-08 21:57:52.599 [qtp11510809-10] SondaTempRestController - REST - Get Sonda RTD with address=102.
[INFO ] 2017-08-08 21:57:52.618 [qtp11510809-10] SondaTempRestController - Sonda RTD INFO: [
id=SondaTemp
nom=Sonda TempC
address=102
unitats=C
stateSonda=-->(es.fdvcode.pipool.model.sonda.StateSonda):
[
sonda=es.fdvcode.pipool.model.sonda.Sonda@11162e7
valor=30.595]
]

[INFO ] 2017-08-08 22:00:01.554 [pool-3-thread-1] RelesRunner - SCHEDULER - ACTIVANT [ON] el RELE: ReleBomba
[INFO ] 2017-08-08 22:00:01.564 [pool-3-thread-1] RelesSrv - RELESRV - S'ha establert el Rele=ReleBomba amb estatRele=true i estatPin=false.
[INFO ] 2017-08-08 22:00:01.578 [pool-3-thread-1] RelesRunner - SCHEDULER - ACTIVANT [ON] el RELE: ReleLfi
[INFO ] 2017-08-08 22:00:01.584 [pool-3-thread-1] RelesSrv - RELESRV - S'ha establert el Rele=ReleLfi amb estatRele=true i estatPin=false.
[INFO ] 2017-08-08 22:19:20.527 [qtp11510809-15] SondaTempRestController - REST - GET INFO en Sonda RTD with address=102.
[INFO ] 2017-08-08 22:19:20.537 [qtp11510809-15] DeviceAtlasI2C - Exec Commmand [i] en Sonda [SondaTemp].
[INFO ] 2017-08-08 22:19:21.050 [qtp11510809-15] DeviceAtlasI2C - Resultat Exec Commmand [i] en Sonda [SondaTemp]: ?I,RTD,2.10
[INFO ] 2017-08-08 22:19:21.056 [qtp11510809-15] SondaTempRestController - Sonda RTD DeviceInfoResponse: [
device=RTD
firmware=2.10]

[INFO ] 2017-08-08 22:19:49.364 [qtp11510809-16] SondaTempRestController - REST - GET INFO en Sonda RTD with address=102.
[INFO ] 2017-08-08 22:19:49.372 [qtp11510809-16] DeviceAtlasI2C - Exec Commmand [i] en Sonda [SondaTemp].
[INFO ] 2017-08-08 22:19:49.884 [qtp11510809-16] DeviceAtlasI2C - Resultat Exec Commmand [i] en Sonda [SondaTemp]: ?I,RTD,2.10
[INFO ] 2017-08-08 22:19:49.889 [qtp11510809-16] SondaTempRestController - Sonda RTD DeviceInfoResponse: [
device=RTD
firmware=2.10]

[INFO ] 2017-08-08 22:20:40.670 [qtp11510809-12] SondaTempRestController - REST - READ en Sonda RTD with address=102.
[INFO ] 2017-08-08 22:20:40.681 [qtp11510809-12] DeviceAtlasI2C - Exec Commmand [R] en Sonda [SondaTemp].
[INFO ] 2017-08-08 22:20:41.694 [qtp11510809-12] DeviceAtlasI2C - Resultat Exec Commmand [R] en Sonda [SondaTemp]: 30.331
[INFO ] 2017-08-08 22:20:41.702 [qtp11510809-12] SondaTempRestController - Sonda RTD INFO: [
id=SondaTemp
nom=Sonda TempC
address=102
unitats=C
stateSonda=-->(es.fdvcode.pipool.model.sonda.StateSonda):
[
sonda=es.fdvcode.pipool.model.sonda.Sonda@11162e7
valor=30.331]
]

[INFO ] 2017-08-08 22:20:57.167 [qtp11510809-13] SondaTempRestController - REST - Get Sonda RTD with address=102.
[INFO ] 2017-08-08 22:20:57.176 [qtp11510809-13] SondaTempRestController - Sonda RTD INFO: [
id=SondaTemp
nom=Sonda TempC
address=102
unitats=C
stateSonda=-->(es.fdvcode.pipool.model.sonda.StateSonda):
[
sonda=es.fdvcode.pipool.model.sonda.Sonda@11162e7
valor=30.331]
]

[INFO ] 2017-08-08 22:21:26.016 [qtp11510809-17] SondaTempRestController - REST - GET STATUS en Sonda RTD with address=102.
[INFO ] 2017-08-08 22:21:26.030 [qtp11510809-17] DeviceAtlasI2C - Exec Commmand [Status] en Sonda [SondaTemp].
[INFO ] 2017-08-08 22:21:26.553 [qtp11510809-17] DeviceAtlasI2C - Resultat Exec Commmand [Status] en Sonda [SondaTemp]: ?STATUS,P,3.32
[INFO ] 2017-08-08 22:21:26.580 [qtp11510809-17] SondaTempRestController - Sonda RTD DeviceStatusResponse: [
restartReason={code=P, label='Powered Off'}
firmware=3.32]

[INFO ] 2017-08-08 22:21:54.829 [qtp11510809-14] SondaTempRestController - REST - LED GET STATE en Sonda RTD with address=102.
[INFO ] 2017-08-08 22:21:54.838 [qtp11510809-14] DeviceAtlasI2C - Exec Commmand [L,?] en Sonda [SondaTemp].
[INFO ] 2017-08-08 22:21:55.349 [qtp11510809-14] DeviceAtlasI2C - Resultat Exec Commmand [L,?] en Sonda [SondaTemp]: ?L,1
[INFO ] 2017-08-08 22:21:55.355 [qtp11510809-14] SondaTempRestController - Sonda SondaTemp - LED is ON? true
[INFO ] 2017-08-08 23:31:01.551 [pool-3-thread-1] RelesRunner - SCHEDULER - DESACTIVANT [OFF] el RELE: ReleBomba
[INFO ] 2017-08-08 23:31:01.560 [pool-3-thread-1] RelesSrv - RELESRV - S'ha establert el Rele=ReleBomba amb estatRele=false i estatPin=true.
[INFO ] 2017-08-08 23:31:01.572 [pool-3-thread-1] RelesRunner - SCHEDULER - DESACTIVANT [OFF] el RELE: ReleLfi
[INFO ] 2017-08-08 23:31:01.579 [pool-3-thread-1] RelesSrv - RELESRV - S'ha establert el Rele=ReleLfi amb estatRele=false i estatPin=true.
[INFO ] 2017-08-08 23:55:42.695 [qtp11510809-14] SondaTempRestController - REST - Read State of All Sondes.
[INFO ] 2017-08-08 23:55:42.710 [qtp11510809-14] DeviceAtlasI2C - Exec Commmand [R] en Sonda [SondaTemp].
[INFO ] 2017-08-08 23:55:43.723 [qtp11510809-14] DeviceAtlasI2C - Resultat Exec Commmand [R] en Sonda [SondaTemp]: 29.386
[INFO ] 2017-08-08 23:55:43.731 [qtp11510809-14] SondaTempRestController - Sonda Id:SondaTemp, Valor:29.386, Unitats:C
[INFO ] 2017-08-08 23:55:43.740 [qtp11510809-14] DeviceAtlasI2C - Exec Commmand [R] en Sonda [SondaORP].
[INFO ] 2017-08-08 23:55:44.753 [qtp11510809-14] DeviceAtlasI2C - Resultat Exec Commmand [R] en Sonda [SondaORP]: 1018.9
[INFO ] 2017-08-08 23:55:44.759 [qtp11510809-14] SondaTempRestController - Sonda Id:SondaORP, Valor:1018.9, Unitats:mV
[INFO ] 2017-08-08 23:55:44.766 [qtp11510809-14] DeviceAtlasI2C - Exec Commmand [R] en Sonda [SondaPH].
[INFO ] 2017-08-08 23:55:45.778 [qtp11510809-14] DeviceAtlasI2C - Resultat Exec Commmand [R] en Sonda [SondaPH]: 0.000
[INFO ] 2017-08-08 23:55:45.784 [qtp11510809-14] SondaTempRestController - Sonda Id:SondaPH, Valor:0.000, Unitats:ph
[INFO ] 2017-08-08 23:56:32.683 [qtp11510809-16] SondaTempRestController - REST - CALIBRATION GET STATE en Sonda RTD with address=102.
[INFO ] 2017-08-08 23:56:32.690 [qtp11510809-16] DeviceAtlasI2C - Exec Commmand [Cal,?] en Sonda [SondaTemp].
[INFO ] 2017-08-08 23:56:33.702 [qtp11510809-16] DeviceAtlasI2C - Resultat Exec Commmand [Cal,?] en Sonda [SondaTemp]: ?CAL,0
[INFO ] 2017-08-08 23:56:33.709 [qtp11510809-16] SondaTempRestController - SONDA: SondaTemp - CALIBRATION GET STATE: 0
