[INFO ] 2017-08-10 08:52:22.117 [qtp9917656-12] SondaTempRestController - REST - LED ON All Sondes.
[INFO ] 2017-08-10 12:59:55.999 [qtp18072059-12] RpiStateRestController - REST - Get Info rPi.
[ERROR] 2017-08-10 12:59:56.030 [qtp18072059-12] RpiStateRestController - null
java.lang.NullPointerException
	at es.fdvcode.pipool.restsrv.v1.RpiStateRestController.getInfo(RpiStateRestController.java:99) [classes!/:0.0.2-SNAPSHOT]
	at es.fdvcode.pipool.restsrv.v1.RpiStateRestController.info(RpiStateRestController.java:55) [classes!/:0.0.2-SNAPSHOT]
	at sun.reflect.NativeMethodAccessorImpl.invoke0(Native Method) ~[?:1.8.0_131]
	at sun.reflect.NativeMethodAccessorImpl.invoke(NativeMethodAccessorImpl.java:62) ~[?:1.8.0_131]
	at sun.reflect.DelegatingMethodAccessorImpl.invoke(DelegatingMethodAccessorImpl.java:43) ~[?:1.8.0_131]
	at java.lang.reflect.Method.invoke(Method.java:498) ~[?:1.8.0_131]
	at org.springframework.web.method.support.InvocableHandlerMethod.doInvoke(InvocableHandlerMethod.java:220) [spring-web-4.3.5.RELEASE.jar!/:4.3.5.RELEASE]
	at org.springframework.web.method.support.InvocableHandlerMethod.invokeForRequest(InvocableHandlerMethod.java:134) [spring-web-4.3.5.RELEASE.jar!/:4.3.5.RELEASE]
	at org.springframework.web.servlet.mvc.method.annotation.ServletInvocableHandlerMethod.invokeAndHandle(ServletInvocableHandlerMethod.java:116) [spring-webmvc-4.3.5.RELEASE.jar!/:4.3.5.RELEASE]
	at org.springframework.web.servlet.mvc.method.annotation.RequestMappingHandlerAdapter.invokeHandlerMethod(RequestMappingHandlerAdapter.java:827) [spring-webmvc-4.3.5.RELEASE.jar!/:4.3.5.RELEASE]
	at org.springframework.web.servlet.mvc.method.annotation.RequestMappingHandlerAdapter.handleInternal(RequestMappingHandlerAdapter.java:738) [spring-webmvc-4.3.5.RELEASE.jar!/:4.3.5.RELEASE]
	at org.springframework.web.servlet.mvc.method.AbstractHandlerMethodAdapter.handle(AbstractHandlerMethodAdapter.java:85) [spring-webmvc-4.3.5.RELEASE.jar!/:4.3.5.RELEASE]
	at org.springframework.web.servlet.DispatcherServlet.doDispatch(DispatcherServlet.java:963) [spring-webmvc-4.3.5.RELEASE.jar!/:4.3.5.RELEASE]
	at org.springframework.web.servlet.DispatcherServlet.doService(DispatcherServlet.java:897) [spring-webmvc-4.3.5.RELEASE.jar!/:4.3.5.RELEASE]
	at org.springframework.web.servlet.FrameworkServlet.processRequest(FrameworkServlet.java:970) [spring-webmvc-4.3.5.RELEASE.jar!/:4.3.5.RELEASE]
	at org.springframework.web.servlet.FrameworkServlet.doGet(FrameworkServlet.java:861) [spring-webmvc-4.3.5.RELEASE.jar!/:4.3.5.RELEASE]
	at javax.servlet.http.HttpServlet.service(HttpServlet.java:687) [javax.servlet-api-3.1.0.jar!/:3.1.0]
	at org.springframework.web.servlet.FrameworkServlet.service(FrameworkServlet.java:846) [spring-webmvc-4.3.5.RELEASE.jar!/:4.3.5.RELEASE]
	at javax.servlet.http.HttpServlet.service(HttpServlet.java:790) [javax.servlet-api-3.1.0.jar!/:3.1.0]
	at org.eclipse.jetty.servlet.ServletHolder.handle(ServletHolder.java:845) [jetty-servlet-9.3.14.v20161028.jar!/:9.3.14.v20161028]
	at org.eclipse.jetty.servlet.ServletHandler$CachedChain.doFilter(ServletHandler.java:1712) [jetty-servlet-9.3.14.v20161028.jar!/:9.3.14.v20161028]
	at org.eclipse.jetty.websocket.server.WebSocketUpgradeFilter.doFilter(WebSocketUpgradeFilter.java:247) [websocket-server-9.3.14.v20161028.jar!/:9.3.14.v20161028]
	at org.eclipse.jetty.servlet.ServletHandler$CachedChain.doFilter(ServletHandler.java:1699) [jetty-servlet-9.3.14.v20161028.jar!/:9.3.14.v20161028]
	at org.springframework.boot.web.filter.ApplicationContextHeaderFilter.doFilterInternal(ApplicationContextHeaderFilter.java:55) [spring-boot-1.4.3.RELEASE.jar!/:1.4.3.RELEASE]
	at org.springframework.web.filter.OncePerRequestFilter.doFilter(OncePerRequestFilter.java:107) [spring-web-4.3.5.RELEASE.jar!/:4.3.5.RELEASE]
	at org.eclipse.jetty.servlet.ServletHandler$CachedChain.doFilter(ServletHandler.java:1699) [jetty-servlet-9.3.14.v20161028.jar!/:9.3.14.v20161028]
	at org.springframework.boot.actuate.trace.WebRequestTraceFilter.doFilterInternal(WebRequestTraceFilter.java:105) [spring-boot-actuator-1.4.3.RELEASE.jar!/:1.4.3.RELEASE]
	at org.springframework.web.filter.OncePerRequestFilter.doFilter(OncePerRequestFilter.java:107) [spring-web-4.3.5.RELEASE.jar!/:4.3.5.RELEASE]
	at org.eclipse.jetty.servlet.ServletHandler$CachedChain.doFilter(ServletHandler.java:1699) [jetty-servlet-9.3.14.v20161028.jar!/:9.3.14.v20161028]
	at org.springframework.web.filter.RequestContextFilter.doFilterInternal(RequestContextFilter.java:99) [spring-web-4.3.5.RELEASE.jar!/:4.3.5.RELEASE]
	at org.springframework.web.filter.OncePerRequestFilter.doFilter(OncePerRequestFilter.java:107) [spring-web-4.3.5.RELEASE.jar!/:4.3.5.RELEASE]
	at org.eclipse.jetty.servlet.ServletHandler$CachedChain.doFilter(ServletHandler.java:1699) [jetty-servlet-9.3.14.v20161028.jar!/:9.3.14.v20161028]
	at org.springframework.web.filter.HttpPutFormContentFilter.doFilterInternal(HttpPutFormContentFilter.java:89) [spring-web-4.3.5.RELEASE.jar!/:4.3.5.RELEASE]
	at org.springframework.web.filter.OncePerRequestFilter.doFilter(OncePerRequestFilter.java:107) [spring-web-4.3.5.RELEASE.jar!/:4.3.5.RELEASE]
	at org.eclipse.jetty.servlet.ServletHandler$CachedChain.doFilter(ServletHandler.java:1699) [jetty-servlet-9.3.14.v20161028.jar!/:9.3.14.v20161028]
	at org.springframework.web.filter.HiddenHttpMethodFilter.doFilterInternal(HiddenHttpMethodFilter.java:77) [spring-web-4.3.5.RELEASE.jar!/:4.3.5.RELEASE]
	at org.springframework.web.filter.OncePerRequestFilter.doFilter(OncePerRequestFilter.java:107) [spring-web-4.3.5.RELEASE.jar!/:4.3.5.RELEASE]
	at org.eclipse.jetty.servlet.ServletHandler$CachedChain.doFilter(ServletHandler.java:1699) [jetty-servlet-9.3.14.v20161028.jar!/:9.3.14.v20161028]
	at org.springframework.web.filter.CharacterEncodingFilter.doFilterInternal(CharacterEncodingFilter.java:197) [spring-web-4.3.5.RELEASE.jar!/:4.3.5.RELEASE]
	at org.springframework.web.filter.OncePerRequestFilter.doFilter(OncePerRequestFilter.java:107) [spring-web-4.3.5.RELEASE.jar!/:4.3.5.RELEASE]
	at org.eclipse.jetty.servlet.ServletHandler$CachedChain.doFilter(ServletHandler.java:1699) [jetty-servlet-9.3.14.v20161028.jar!/:9.3.14.v20161028]
	at org.springframework.boot.actuate.autoconfigure.MetricsFilter.doFilterInternal(MetricsFilter.java:106) [spring-boot-actuator-1.4.3.RELEASE.jar!/:1.4.3.RELEASE]
	at org.springframework.web.filter.OncePerRequestFilter.doFilter(OncePerRequestFilter.java:107) [spring-web-4.3.5.RELEASE.jar!/:4.3.5.RELEASE]
	at org.eclipse.jetty.servlet.ServletHandler$CachedChain.doFilter(ServletHandler.java:1699) [jetty-servlet-9.3.14.v20161028.jar!/:9.3.14.v20161028]
	at org.eclipse.jetty.servlet.ServletHandler.doHandle(ServletHandler.java:582) [jetty-servlet-9.3.14.v20161028.jar!/:9.3.14.v20161028]
	at org.eclipse.jetty.server.handler.ScopedHandler.handle(ScopedHandler.java:143) [jetty-server-9.3.14.v20161028.jar!/:9.3.14.v20161028]
	at org.eclipse.jetty.security.SecurityHandler.handle(SecurityHandler.java:548) [jetty-security-9.3.14.v20161028.jar!/:9.3.14.v20161028]
	at org.eclipse.jetty.server.session.SessionHandler.doHandle(SessionHandler.java:226) [jetty-server-9.3.14.v20161028.jar!/:9.3.14.v20161028]
	at org.eclipse.jetty.server.handler.ContextHandler.doHandle(ContextHandler.java:1180) [jetty-server-9.3.14.v20161028.jar!/:9.3.14.v20161028]
	at org.eclipse.jetty.servlet.ServletHandler.doScope(ServletHandler.java:512) [jetty-servlet-9.3.14.v20161028.jar!/:9.3.14.v20161028]
	at org.eclipse.jetty.server.session.SessionHandler.doScope(SessionHandler.java:185) [jetty-server-9.3.14.v20161028.jar!/:9.3.14.v20161028]
	at org.eclipse.jetty.server.handler.ContextHandler.doScope(ContextHandler.java:1112) [jetty-server-9.3.14.v20161028.jar!/:9.3.14.v20161028]
	at org.eclipse.jetty.server.handler.ScopedHandler.handle(ScopedHandler.java:141) [jetty-server-9.3.14.v20161028.jar!/:9.3.14.v20161028]
	at org.eclipse.jetty.server.handler.gzip.GzipHandler.handle(GzipHandler.java:462) [jetty-server-9.3.14.v20161028.jar!/:9.3.14.v20161028]
	at org.eclipse.jetty.server.handler.HandlerWrapper.handle(HandlerWrapper.java:134) [jetty-server-9.3.14.v20161028.jar!/:9.3.14.v20161028]
	at org.eclipse.jetty.server.Server.handle(Server.java:534) [jetty-server-9.3.14.v20161028.jar!/:9.3.14.v20161028]
	at org.eclipse.jetty.server.HttpChannel.handle(HttpChannel.java:320) [jetty-server-9.3.14.v20161028.jar!/:9.3.14.v20161028]
	at org.eclipse.jetty.server.HttpConnection.onFillable(HttpConnection.java:251) [jetty-server-9.3.14.v20161028.jar!/:9.3.14.v20161028]
	at org.eclipse.jetty.io.AbstractConnection$ReadCallback.succeeded(AbstractConnection.java:273) [jetty-io-9.3.14.v20161028.jar!/:9.3.14.v20161028]
	at org.eclipse.jetty.io.FillInterest.fillable(FillInterest.java:95) [jetty-io-9.3.14.v20161028.jar!/:9.3.14.v20161028]
	at org.eclipse.jetty.io.SelectChannelEndPoint$2.run(SelectChannelEndPoint.java:93) [jetty-io-9.3.14.v20161028.jar!/:9.3.14.v20161028]
	at org.eclipse.jetty.util.thread.strategy.ExecuteProduceConsume.executeProduceConsume(ExecuteProduceConsume.java:303) [jetty-util-9.3.14.v20161028.jar!/:9.3.14.v20161028]
	at org.eclipse.jetty.util.thread.strategy.ExecuteProduceConsume.produceConsume(ExecuteProduceConsume.java:148) [jetty-util-9.3.14.v20161028.jar!/:9.3.14.v20161028]
	at org.eclipse.jetty.util.thread.strategy.ExecuteProduceConsume.run(ExecuteProduceConsume.java:136) [jetty-util-9.3.14.v20161028.jar!/:9.3.14.v20161028]
	at org.eclipse.jetty.util.thread.QueuedThreadPool.runJob(QueuedThreadPool.java:671) [jetty-util-9.3.14.v20161028.jar!/:9.3.14.v20161028]
	at org.eclipse.jetty.util.thread.QueuedThreadPool$2.run(QueuedThreadPool.java:589) [jetty-util-9.3.14.v20161028.jar!/:9.3.14.v20161028]
	at java.lang.Thread.run(Thread.java:748) [?:1.8.0_131]
[INFO ] 2017-08-10 12:59:56.633 [qtp18072059-12] RpiStateRestController - rPi INFO: [, head=DateTimeAppStarted=Thu Aug 10 12:52:53 CEST 2017, tail=NetworkList=Selected interface 'wlan0'
network id / ssid / bssid / flags
0	WIFI HABITACIONS	any	[CURRENT]
, accessOrder=false]
[INFO ] 2017-08-10 13:19:47.020 [qtp3185997-12] SondaORPRestController - REST - Get Sonda ORP with address=98.
[INFO ] 2017-08-10 13:19:47.029 [qtp3185997-12] SondaORPRestController - Sonda ORP INFO: [, id=SondaORP, nom=Sonda ORP/Redox, address=98, unitats=mV, stateSonda=-->(es.fdvcode.pipool.model.sonda.StateSonda): [, sonda=es.fdvcode.pipool.model.sonda.Sonda@77cce0, valor=1018.5, timestamp=Thu Aug 10 13:19:09 CEST 2017]]
[INFO ] 2017-08-10 13:19:56.218 [qtp3185997-13] SondaORPRestController - REST - Get All Sondes.
[INFO ] 2017-08-10 13:19:56.238 [qtp3185997-13] SondaORPRestController - Sonda Id:SondaTemp, Valor:27.696, Unitats:ºC
[INFO ] 2017-08-10 13:19:56.245 [qtp3185997-13] SondaORPRestController - Sonda Id:SondaORP, Valor:1018.5, Unitats:mV
[INFO ] 2017-08-10 13:19:56.252 [qtp3185997-13] SondaORPRestController - Sonda Id:SondaPH, Valor:0.000, Unitats:ph
[INFO ] 2017-08-10 13:20:06.393 [qtp3185997-14] SondaORPRestController - REST - Get All Sondes.
[INFO ] 2017-08-10 13:20:06.402 [qtp3185997-14] SondaORPRestController - Sonda Id:SondaTemp, Valor:27.696, Unitats:ºC
[INFO ] 2017-08-10 13:20:06.409 [qtp3185997-14] SondaORPRestController - Sonda Id:SondaORP, Valor:1018.5, Unitats:mV
[INFO ] 2017-08-10 13:20:06.416 [qtp3185997-14] SondaORPRestController - Sonda Id:SondaPH, Valor:0.000, Unitats:ph
[INFO ] 2017-08-10 13:20:20.835 [qtp3185997-15] SondaORPRestController - REST - Get All Sondes.
[INFO ] 2017-08-10 13:20:20.852 [qtp3185997-15] SondaORPRestController - Sonda Id:SondaTemp, Valor:27.696, Unitats:ºC
[INFO ] 2017-08-10 13:20:20.862 [qtp3185997-15] SondaORPRestController - Sonda Id:SondaORP, Valor:1018.9, Unitats:mV
[INFO ] 2017-08-10 13:20:20.873 [qtp3185997-15] SondaORPRestController - Sonda Id:SondaPH, Valor:0.000, Unitats:ph
[INFO ] 2017-08-10 14:12:23.041 [qtp3185997-12] SondaORPRestController - REST - Get All Sondes.
[INFO ] 2017-08-10 14:12:23.050 [qtp3185997-12] SondaORPRestController - Sonda Id:SondaTemp, Valor:28.248, Unitats:ºC
[INFO ] 2017-08-10 14:12:23.056 [qtp3185997-12] SondaORPRestController - Sonda Id:SondaORP, Valor:1018.5, Unitats:mV
[INFO ] 2017-08-10 14:12:23.062 [qtp3185997-12] SondaORPRestController - Sonda Id:SondaPH, Valor:0.000, Unitats:ph
[INFO ] 2017-08-10 14:31:32.537 [qtp3185997-12] SondaORPRestController - REST - Get All Sondes.
[INFO ] 2017-08-10 14:31:32.547 [qtp3185997-12] SondaORPRestController - Sonda Id:SondaTemp, Valor:28.439, Unitats:ºC
[INFO ] 2017-08-10 14:31:32.553 [qtp3185997-12] SondaORPRestController - Sonda Id:SondaORP, Valor:1018.3, Unitats:mV
[INFO ] 2017-08-10 14:31:32.567 [qtp3185997-12] SondaORPRestController - Sonda Id:SondaPH, Valor:0.000, Unitats:ph
[INFO ] 2017-08-10 14:56:18.488 [qtp3185997-10] SondaTempRestController - REST - LED OFF All Sondes.
[INFO ] 2017-08-10 15:01:07.688 [qtp3185997-15] RpiStateRestController - REST - Get Info rPi.
[ERROR] 2017-08-10 15:01:07.704 [qtp3185997-15] RpiStateRestController - null
java.lang.NullPointerException
	at es.fdvcode.pipool.restsrv.v1.RpiStateRestController.getInfo(RpiStateRestController.java:100) [classes!/:0.0.2-SNAPSHOT]
	at es.fdvcode.pipool.restsrv.v1.RpiStateRestController.info(RpiStateRestController.java:55) [classes!/:0.0.2-SNAPSHOT]
	at sun.reflect.NativeMethodAccessorImpl.invoke0(Native Method) ~[?:1.8.0_131]
	at sun.reflect.NativeMethodAccessorImpl.invoke(NativeMethodAccessorImpl.java:62) ~[?:1.8.0_131]
	at sun.reflect.DelegatingMethodAccessorImpl.invoke(DelegatingMethodAccessorImpl.java:43) ~[?:1.8.0_131]
	at java.lang.reflect.Method.invoke(Method.java:498) ~[?:1.8.0_131]
	at org.springframework.web.method.support.InvocableHandlerMethod.doInvoke(InvocableHandlerMethod.java:220) [spring-web-4.3.5.RELEASE.jar!/:4.3.5.RELEASE]
	at org.springframework.web.method.support.InvocableHandlerMethod.invokeForRequest(InvocableHandlerMethod.java:134) [spring-web-4.3.5.RELEASE.jar!/:4.3.5.RELEASE]
	at org.springframework.web.servlet.mvc.method.annotation.ServletInvocableHandlerMethod.invokeAndHandle(ServletInvocableHandlerMethod.java:116) [spring-webmvc-4.3.5.RELEASE.jar!/:4.3.5.RELEASE]
	at org.springframework.web.servlet.mvc.method.annotation.RequestMappingHandlerAdapter.invokeHandlerMethod(RequestMappingHandlerAdapter.java:827) [spring-webmvc-4.3.5.RELEASE.jar!/:4.3.5.RELEASE]
	at org.springframework.web.servlet.mvc.method.annotation.RequestMappingHandlerAdapter.handleInternal(RequestMappingHandlerAdapter.java:738) [spring-webmvc-4.3.5.RELEASE.jar!/:4.3.5.RELEASE]
	at org.springframework.web.servlet.mvc.method.AbstractHandlerMethodAdapter.handle(AbstractHandlerMethodAdapter.java:85) [spring-webmvc-4.3.5.RELEASE.jar!/:4.3.5.RELEASE]
	at org.springframework.web.servlet.DispatcherServlet.doDispatch(DispatcherServlet.java:963) [spring-webmvc-4.3.5.RELEASE.jar!/:4.3.5.RELEASE]
	at org.springframework.web.servlet.DispatcherServlet.doService(DispatcherServlet.java:897) [spring-webmvc-4.3.5.RELEASE.jar!/:4.3.5.RELEASE]
	at org.springframework.web.servlet.FrameworkServlet.processRequest(FrameworkServlet.java:970) [spring-webmvc-4.3.5.RELEASE.jar!/:4.3.5.RELEASE]
	at org.springframework.web.servlet.FrameworkServlet.doGet(FrameworkServlet.java:861) [spring-webmvc-4.3.5.RELEASE.jar!/:4.3.5.RELEASE]
	at javax.servlet.http.HttpServlet.service(HttpServlet.java:687) [javax.servlet-api-3.1.0.jar!/:3.1.0]
	at org.springframework.web.servlet.FrameworkServlet.service(FrameworkServlet.java:846) [spring-webmvc-4.3.5.RELEASE.jar!/:4.3.5.RELEASE]
	at javax.servlet.http.HttpServlet.service(HttpServlet.java:790) [javax.servlet-api-3.1.0.jar!/:3.1.0]
	at org.eclipse.jetty.servlet.ServletHolder.handle(ServletHolder.java:845) [jetty-servlet-9.3.14.v20161028.jar!/:9.3.14.v20161028]
	at org.eclipse.jetty.servlet.ServletHandler$CachedChain.doFilter(ServletHandler.java:1712) [jetty-servlet-9.3.14.v20161028.jar!/:9.3.14.v20161028]
	at org.eclipse.jetty.websocket.server.WebSocketUpgradeFilter.doFilter(WebSocketUpgradeFilter.java:247) [websocket-server-9.3.14.v20161028.jar!/:9.3.14.v20161028]
	at org.eclipse.jetty.servlet.ServletHandler$CachedChain.doFilter(ServletHandler.java:1699) [jetty-servlet-9.3.14.v20161028.jar!/:9.3.14.v20161028]
	at org.springframework.boot.web.filter.ApplicationContextHeaderFilter.doFilterInternal(ApplicationContextHeaderFilter.java:55) [spring-boot-1.4.3.RELEASE.jar!/:1.4.3.RELEASE]
	at org.springframework.web.filter.OncePerRequestFilter.doFilter(OncePerRequestFilter.java:107) [spring-web-4.3.5.RELEASE.jar!/:4.3.5.RELEASE]
	at org.eclipse.jetty.servlet.ServletHandler$CachedChain.doFilter(ServletHandler.java:1699) [jetty-servlet-9.3.14.v20161028.jar!/:9.3.14.v20161028]
	at org.springframework.boot.actuate.trace.WebRequestTraceFilter.doFilterInternal(WebRequestTraceFilter.java:105) [spring-boot-actuator-1.4.3.RELEASE.jar!/:1.4.3.RELEASE]
	at org.springframework.web.filter.OncePerRequestFilter.doFilter(OncePerRequestFilter.java:107) [spring-web-4.3.5.RELEASE.jar!/:4.3.5.RELEASE]
	at org.eclipse.jetty.servlet.ServletHandler$CachedChain.doFilter(ServletHandler.java:1699) [jetty-servlet-9.3.14.v20161028.jar!/:9.3.14.v20161028]
	at org.springframework.web.filter.RequestContextFilter.doFilterInternal(RequestContextFilter.java:99) [spring-web-4.3.5.RELEASE.jar!/:4.3.5.RELEASE]
	at org.springframework.web.filter.OncePerRequestFilter.doFilter(OncePerRequestFilter.java:107) [spring-web-4.3.5.RELEASE.jar!/:4.3.5.RELEASE]
	at org.eclipse.jetty.servlet.ServletHandler$CachedChain.doFilter(ServletHandler.java:1699) [jetty-servlet-9.3.14.v20161028.jar!/:9.3.14.v20161028]
	at org.springframework.web.filter.HttpPutFormContentFilter.doFilterInternal(HttpPutFormContentFilter.java:89) [spring-web-4.3.5.RELEASE.jar!/:4.3.5.RELEASE]
	at org.springframework.web.filter.OncePerRequestFilter.doFilter(OncePerRequestFilter.java:107) [spring-web-4.3.5.RELEASE.jar!/:4.3.5.RELEASE]
	at org.eclipse.jetty.servlet.ServletHandler$CachedChain.doFilter(ServletHandler.java:1699) [jetty-servlet-9.3.14.v20161028.jar!/:9.3.14.v20161028]
	at org.springframework.web.filter.HiddenHttpMethodFilter.doFilterInternal(HiddenHttpMethodFilter.java:77) [spring-web-4.3.5.RELEASE.jar!/:4.3.5.RELEASE]
	at org.springframework.web.filter.OncePerRequestFilter.doFilter(OncePerRequestFilter.java:107) [spring-web-4.3.5.RELEASE.jar!/:4.3.5.RELEASE]
	at org.eclipse.jetty.servlet.ServletHandler$CachedChain.doFilter(ServletHandler.java:1699) [jetty-servlet-9.3.14.v20161028.jar!/:9.3.14.v20161028]
	at org.springframework.web.filter.CharacterEncodingFilter.doFilterInternal(CharacterEncodingFilter.java:197) [spring-web-4.3.5.RELEASE.jar!/:4.3.5.RELEASE]
	at org.springframework.web.filter.OncePerRequestFilter.doFilter(OncePerRequestFilter.java:107) [spring-web-4.3.5.RELEASE.jar!/:4.3.5.RELEASE]
	at org.eclipse.jetty.servlet.ServletHandler$CachedChain.doFilter(ServletHandler.java:1699) [jetty-servlet-9.3.14.v20161028.jar!/:9.3.14.v20161028]
	at org.springframework.boot.actuate.autoconfigure.MetricsFilter.doFilterInternal(MetricsFilter.java:106) [spring-boot-actuator-1.4.3.RELEASE.jar!/:1.4.3.RELEASE]
	at org.springframework.web.filter.OncePerRequestFilter.doFilter(OncePerRequestFilter.java:107) [spring-web-4.3.5.RELEASE.jar!/:4.3.5.RELEASE]
	at org.eclipse.jetty.servlet.ServletHandler$CachedChain.doFilter(ServletHandler.java:1699) [jetty-servlet-9.3.14.v20161028.jar!/:9.3.14.v20161028]
	at org.eclipse.jetty.servlet.ServletHandler.doHandle(ServletHandler.java:582) [jetty-servlet-9.3.14.v20161028.jar!/:9.3.14.v20161028]
	at org.eclipse.jetty.server.handler.ScopedHandler.handle(ScopedHandler.java:143) [jetty-server-9.3.14.v20161028.jar!/:9.3.14.v20161028]
	at org.eclipse.jetty.security.SecurityHandler.handle(SecurityHandler.java:548) [jetty-security-9.3.14.v20161028.jar!/:9.3.14.v20161028]
	at org.eclipse.jetty.server.session.SessionHandler.doHandle(SessionHandler.java:226) [jetty-server-9.3.14.v20161028.jar!/:9.3.14.v20161028]
	at org.eclipse.jetty.server.handler.ContextHandler.doHandle(ContextHandler.java:1180) [jetty-server-9.3.14.v20161028.jar!/:9.3.14.v20161028]
	at org.eclipse.jetty.servlet.ServletHandler.doScope(ServletHandler.java:512) [jetty-servlet-9.3.14.v20161028.jar!/:9.3.14.v20161028]
	at org.eclipse.jetty.server.session.SessionHandler.doScope(SessionHandler.java:185) [jetty-server-9.3.14.v20161028.jar!/:9.3.14.v20161028]
	at org.eclipse.jetty.server.handler.ContextHandler.doScope(ContextHandler.java:1112) [jetty-server-9.3.14.v20161028.jar!/:9.3.14.v20161028]
	at org.eclipse.jetty.server.handler.ScopedHandler.handle(ScopedHandler.java:141) [jetty-server-9.3.14.v20161028.jar!/:9.3.14.v20161028]
	at org.eclipse.jetty.server.handler.gzip.GzipHandler.handle(GzipHandler.java:462) [jetty-server-9.3.14.v20161028.jar!/:9.3.14.v20161028]
	at org.eclipse.jetty.server.handler.HandlerWrapper.handle(HandlerWrapper.java:134) [jetty-server-9.3.14.v20161028.jar!/:9.3.14.v20161028]
	at org.eclipse.jetty.server.Server.handle(Server.java:534) [jetty-server-9.3.14.v20161028.jar!/:9.3.14.v20161028]
	at org.eclipse.jetty.server.HttpChannel.handle(HttpChannel.java:320) [jetty-server-9.3.14.v20161028.jar!/:9.3.14.v20161028]
	at org.eclipse.jetty.server.HttpConnection.onFillable(HttpConnection.java:251) [jetty-server-9.3.14.v20161028.jar!/:9.3.14.v20161028]
	at org.eclipse.jetty.io.AbstractConnection$ReadCallback.succeeded(AbstractConnection.java:273) [jetty-io-9.3.14.v20161028.jar!/:9.3.14.v20161028]
	at org.eclipse.jetty.io.FillInterest.fillable(FillInterest.java:95) [jetty-io-9.3.14.v20161028.jar!/:9.3.14.v20161028]
	at org.eclipse.jetty.io.SelectChannelEndPoint$2.run(SelectChannelEndPoint.java:93) [jetty-io-9.3.14.v20161028.jar!/:9.3.14.v20161028]
	at org.eclipse.jetty.util.thread.strategy.ExecuteProduceConsume.executeProduceConsume(ExecuteProduceConsume.java:303) [jetty-util-9.3.14.v20161028.jar!/:9.3.14.v20161028]
	at org.eclipse.jetty.util.thread.strategy.ExecuteProduceConsume.produceConsume(ExecuteProduceConsume.java:148) [jetty-util-9.3.14.v20161028.jar!/:9.3.14.v20161028]
	at org.eclipse.jetty.util.thread.strategy.ExecuteProduceConsume.run(ExecuteProduceConsume.java:136) [jetty-util-9.3.14.v20161028.jar!/:9.3.14.v20161028]
	at org.eclipse.jetty.util.thread.QueuedThreadPool.runJob(QueuedThreadPool.java:671) [jetty-util-9.3.14.v20161028.jar!/:9.3.14.v20161028]
	at org.eclipse.jetty.util.thread.QueuedThreadPool$2.run(QueuedThreadPool.java:589) [jetty-util-9.3.14.v20161028.jar!/:9.3.14.v20161028]
	at java.lang.Thread.run(Thread.java:748) [?:1.8.0_131]
[INFO ] 2017-08-10 15:01:08.410 [qtp3185997-15] RpiStateRestController - rPi INFO: [, head=DateTimeAppStarted=Thu Aug 10 14:31:05 CEST 2017, tail=NetworkList=Selected interface 'wlan0'
network id / ssid / bssid / flags
0	WIFI HABITACIONS	any	[CURRENT]
, accessOrder=false]
[INFO ] 2017-08-10 15:01:52.286 [qtp3185997-17] RpiStateRestController - REST - Get Info rPi.
[ERROR] 2017-08-10 15:01:52.293 [qtp3185997-17] RpiStateRestController - null
java.lang.NullPointerException
	at es.fdvcode.pipool.restsrv.v1.RpiStateRestController.getInfo(RpiStateRestController.java:100) [classes!/:0.0.2-SNAPSHOT]
	at es.fdvcode.pipool.restsrv.v1.RpiStateRestController.info(RpiStateRestController.java:55) [classes!/:0.0.2-SNAPSHOT]
	at sun.reflect.NativeMethodAccessorImpl.invoke0(Native Method) ~[?:1.8.0_131]
	at sun.reflect.NativeMethodAccessorImpl.invoke(NativeMethodAccessorImpl.java:62) ~[?:1.8.0_131]
	at sun.reflect.DelegatingMethodAccessorImpl.invoke(DelegatingMethodAccessorImpl.java:43) ~[?:1.8.0_131]
	at java.lang.reflect.Method.invoke(Method.java:498) ~[?:1.8.0_131]
	at org.springframework.web.method.support.InvocableHandlerMethod.doInvoke(InvocableHandlerMethod.java:220) [spring-web-4.3.5.RELEASE.jar!/:4.3.5.RELEASE]
	at org.springframework.web.method.support.InvocableHandlerMethod.invokeForRequest(InvocableHandlerMethod.java:134) [spring-web-4.3.5.RELEASE.jar!/:4.3.5.RELEASE]
	at org.springframework.web.servlet.mvc.method.annotation.ServletInvocableHandlerMethod.invokeAndHandle(ServletInvocableHandlerMethod.java:116) [spring-webmvc-4.3.5.RELEASE.jar!/:4.3.5.RELEASE]
	at org.springframework.web.servlet.mvc.method.annotation.RequestMappingHandlerAdapter.invokeHandlerMethod(RequestMappingHandlerAdapter.java:827) [spring-webmvc-4.3.5.RELEASE.jar!/:4.3.5.RELEASE]
	at org.springframework.web.servlet.mvc.method.annotation.RequestMappingHandlerAdapter.handleInternal(RequestMappingHandlerAdapter.java:738) [spring-webmvc-4.3.5.RELEASE.jar!/:4.3.5.RELEASE]
	at org.springframework.web.servlet.mvc.method.AbstractHandlerMethodAdapter.handle(AbstractHandlerMethodAdapter.java:85) [spring-webmvc-4.3.5.RELEASE.jar!/:4.3.5.RELEASE]
	at org.springframework.web.servlet.DispatcherServlet.doDispatch(DispatcherServlet.java:963) [spring-webmvc-4.3.5.RELEASE.jar!/:4.3.5.RELEASE]
	at org.springframework.web.servlet.DispatcherServlet.doService(DispatcherServlet.java:897) [spring-webmvc-4.3.5.RELEASE.jar!/:4.3.5.RELEASE]
	at org.springframework.web.servlet.FrameworkServlet.processRequest(FrameworkServlet.java:970) [spring-webmvc-4.3.5.RELEASE.jar!/:4.3.5.RELEASE]
	at org.springframework.web.servlet.FrameworkServlet.doGet(FrameworkServlet.java:861) [spring-webmvc-4.3.5.RELEASE.jar!/:4.3.5.RELEASE]
	at javax.servlet.http.HttpServlet.service(HttpServlet.java:687) [javax.servlet-api-3.1.0.jar!/:3.1.0]
	at org.springframework.web.servlet.FrameworkServlet.service(FrameworkServlet.java:846) [spring-webmvc-4.3.5.RELEASE.jar!/:4.3.5.RELEASE]
	at javax.servlet.http.HttpServlet.service(HttpServlet.java:790) [javax.servlet-api-3.1.0.jar!/:3.1.0]
	at org.eclipse.jetty.servlet.ServletHolder.handle(ServletHolder.java:845) [jetty-servlet-9.3.14.v20161028.jar!/:9.3.14.v20161028]
	at org.eclipse.jetty.servlet.ServletHandler$CachedChain.doFilter(ServletHandler.java:1712) [jetty-servlet-9.3.14.v20161028.jar!/:9.3.14.v20161028]
	at org.eclipse.jetty.websocket.server.WebSocketUpgradeFilter.doFilter(WebSocketUpgradeFilter.java:247) [websocket-server-9.3.14.v20161028.jar!/:9.3.14.v20161028]
	at org.eclipse.jetty.servlet.ServletHandler$CachedChain.doFilter(ServletHandler.java:1699) [jetty-servlet-9.3.14.v20161028.jar!/:9.3.14.v20161028]
	at org.springframework.boot.web.filter.ApplicationContextHeaderFilter.doFilterInternal(ApplicationContextHeaderFilter.java:55) [spring-boot-1.4.3.RELEASE.jar!/:1.4.3.RELEASE]
	at org.springframework.web.filter.OncePerRequestFilter.doFilter(OncePerRequestFilter.java:107) [spring-web-4.3.5.RELEASE.jar!/:4.3.5.RELEASE]
	at org.eclipse.jetty.servlet.ServletHandler$CachedChain.doFilter(ServletHandler.java:1699) [jetty-servlet-9.3.14.v20161028.jar!/:9.3.14.v20161028]
	at org.springframework.boot.actuate.trace.WebRequestTraceFilter.doFilterInternal(WebRequestTraceFilter.java:105) [spring-boot-actuator-1.4.3.RELEASE.jar!/:1.4.3.RELEASE]
	at org.springframework.web.filter.OncePerRequestFilter.doFilter(OncePerRequestFilter.java:107) [spring-web-4.3.5.RELEASE.jar!/:4.3.5.RELEASE]
	at org.eclipse.jetty.servlet.ServletHandler$CachedChain.doFilter(ServletHandler.java:1699) [jetty-servlet-9.3.14.v20161028.jar!/:9.3.14.v20161028]
	at org.springframework.web.filter.RequestContextFilter.doFilterInternal(RequestContextFilter.java:99) [spring-web-4.3.5.RELEASE.jar!/:4.3.5.RELEASE]
	at org.springframework.web.filter.OncePerRequestFilter.doFilter(OncePerRequestFilter.java:107) [spring-web-4.3.5.RELEASE.jar!/:4.3.5.RELEASE]
	at org.eclipse.jetty.servlet.ServletHandler$CachedChain.doFilter(ServletHandler.java:1699) [jetty-servlet-9.3.14.v20161028.jar!/:9.3.14.v20161028]
	at org.springframework.web.filter.HttpPutFormContentFilter.doFilterInternal(HttpPutFormContentFilter.java:89) [spring-web-4.3.5.RELEASE.jar!/:4.3.5.RELEASE]
	at org.springframework.web.filter.OncePerRequestFilter.doFilter(OncePerRequestFilter.java:107) [spring-web-4.3.5.RELEASE.jar!/:4.3.5.RELEASE]
	at org.eclipse.jetty.servlet.ServletHandler$CachedChain.doFilter(ServletHandler.java:1699) [jetty-servlet-9.3.14.v20161028.jar!/:9.3.14.v20161028]
	at org.springframework.web.filter.HiddenHttpMethodFilter.doFilterInternal(HiddenHttpMethodFilter.java:77) [spring-web-4.3.5.RELEASE.jar!/:4.3.5.RELEASE]
	at org.springframework.web.filter.OncePerRequestFilter.doFilter(OncePerRequestFilter.java:107) [spring-web-4.3.5.RELEASE.jar!/:4.3.5.RELEASE]
	at org.eclipse.jetty.servlet.ServletHandler$CachedChain.doFilter(ServletHandler.java:1699) [jetty-servlet-9.3.14.v20161028.jar!/:9.3.14.v20161028]
	at org.springframework.web.filter.CharacterEncodingFilter.doFilterInternal(CharacterEncodingFilter.java:197) [spring-web-4.3.5.RELEASE.jar!/:4.3.5.RELEASE]
	at org.springframework.web.filter.OncePerRequestFilter.doFilter(OncePerRequestFilter.java:107) [spring-web-4.3.5.RELEASE.jar!/:4.3.5.RELEASE]
	at org.eclipse.jetty.servlet.ServletHandler$CachedChain.doFilter(ServletHandler.java:1699) [jetty-servlet-9.3.14.v20161028.jar!/:9.3.14.v20161028]
	at org.springframework.boot.actuate.autoconfigure.MetricsFilter.doFilterInternal(MetricsFilter.java:106) [spring-boot-actuator-1.4.3.RELEASE.jar!/:1.4.3.RELEASE]
	at org.springframework.web.filter.OncePerRequestFilter.doFilter(OncePerRequestFilter.java:107) [spring-web-4.3.5.RELEASE.jar!/:4.3.5.RELEASE]
	at org.eclipse.jetty.servlet.ServletHandler$CachedChain.doFilter(ServletHandler.java:1699) [jetty-servlet-9.3.14.v20161028.jar!/:9.3.14.v20161028]
	at org.eclipse.jetty.servlet.ServletHandler.doHandle(ServletHandler.java:582) [jetty-servlet-9.3.14.v20161028.jar!/:9.3.14.v20161028]
	at org.eclipse.jetty.server.handler.ScopedHandler.handle(ScopedHandler.java:143) [jetty-server-9.3.14.v20161028.jar!/:9.3.14.v20161028]
	at org.eclipse.jetty.security.SecurityHandler.handle(SecurityHandler.java:548) [jetty-security-9.3.14.v20161028.jar!/:9.3.14.v20161028]
	at org.eclipse.jetty.server.session.SessionHandler.doHandle(SessionHandler.java:226) [jetty-server-9.3.14.v20161028.jar!/:9.3.14.v20161028]
	at org.eclipse.jetty.server.handler.ContextHandler.doHandle(ContextHandler.java:1180) [jetty-server-9.3.14.v20161028.jar!/:9.3.14.v20161028]
	at org.eclipse.jetty.servlet.ServletHandler.doScope(ServletHandler.java:512) [jetty-servlet-9.3.14.v20161028.jar!/:9.3.14.v20161028]
	at org.eclipse.jetty.server.session.SessionHandler.doScope(SessionHandler.java:185) [jetty-server-9.3.14.v20161028.jar!/:9.3.14.v20161028]
	at org.eclipse.jetty.server.handler.ContextHandler.doScope(ContextHandler.java:1112) [jetty-server-9.3.14.v20161028.jar!/:9.3.14.v20161028]
	at org.eclipse.jetty.server.handler.ScopedHandler.handle(ScopedHandler.java:141) [jetty-server-9.3.14.v20161028.jar!/:9.3.14.v20161028]
	at org.eclipse.jetty.server.handler.gzip.GzipHandler.handle(GzipHandler.java:462) [jetty-server-9.3.14.v20161028.jar!/:9.3.14.v20161028]
	at org.eclipse.jetty.server.handler.HandlerWrapper.handle(HandlerWrapper.java:134) [jetty-server-9.3.14.v20161028.jar!/:9.3.14.v20161028]
	at org.eclipse.jetty.server.Server.handle(Server.java:534) [jetty-server-9.3.14.v20161028.jar!/:9.3.14.v20161028]
	at org.eclipse.jetty.server.HttpChannel.handle(HttpChannel.java:320) [jetty-server-9.3.14.v20161028.jar!/:9.3.14.v20161028]
	at org.eclipse.jetty.server.HttpConnection.onFillable(HttpConnection.java:251) [jetty-server-9.3.14.v20161028.jar!/:9.3.14.v20161028]
	at org.eclipse.jetty.io.AbstractConnection$ReadCallback.succeeded(AbstractConnection.java:273) [jetty-io-9.3.14.v20161028.jar!/:9.3.14.v20161028]
	at org.eclipse.jetty.io.FillInterest.fillable(FillInterest.java:95) [jetty-io-9.3.14.v20161028.jar!/:9.3.14.v20161028]
	at org.eclipse.jetty.io.SelectChannelEndPoint$2.run(SelectChannelEndPoint.java:93) [jetty-io-9.3.14.v20161028.jar!/:9.3.14.v20161028]
	at org.eclipse.jetty.util.thread.strategy.ExecuteProduceConsume.executeProduceConsume(ExecuteProduceConsume.java:303) [jetty-util-9.3.14.v20161028.jar!/:9.3.14.v20161028]
	at org.eclipse.jetty.util.thread.strategy.ExecuteProduceConsume.produceConsume(ExecuteProduceConsume.java:148) [jetty-util-9.3.14.v20161028.jar!/:9.3.14.v20161028]
	at org.eclipse.jetty.util.thread.strategy.ExecuteProduceConsume.run(ExecuteProduceConsume.java:136) [jetty-util-9.3.14.v20161028.jar!/:9.3.14.v20161028]
	at org.eclipse.jetty.util.thread.QueuedThreadPool.runJob(QueuedThreadPool.java:671) [jetty-util-9.3.14.v20161028.jar!/:9.3.14.v20161028]
	at org.eclipse.jetty.util.thread.QueuedThreadPool$2.run(QueuedThreadPool.java:589) [jetty-util-9.3.14.v20161028.jar!/:9.3.14.v20161028]
	at java.lang.Thread.run(Thread.java:748) [?:1.8.0_131]
[INFO ] 2017-08-10 15:01:52.570 [qtp3185997-17] RpiStateRestController - rPi INFO: [, head=DateTimeAppStarted=Thu Aug 10 14:31:05 CEST 2017, tail=NetworkList=Selected interface 'wlan0'
network id / ssid / bssid / flags
0	WIFI HABITACIONS	any	[CURRENT]
, accessOrder=false]
[INFO ] 2017-08-10 16:22:11.001 [qtp3185997-13] SchedulerRestController - REST - Stop Scheduler SONDAs.
[INFO ] 2017-08-10 16:22:11.067 [qtp3185997-13] SchedulerRestController - Scheduler SONDA INFO: [, table=
[INFO ] 2017-08-10 16:24:58.325 [qtp3185997-12] SchedulerRestController - REST - Get Info Scheduler.
[INFO ] 2017-08-10 16:24:58.375 [qtp3185997-12] SchedulerRestController - Scheduler INFO: [, table=
