[INFO ] 2017-08-11 17:31:53.564 [qtp11158002-12] RpiStateRestController - REST - Get Info rPi.
[ERROR] 2017-08-11 17:31:53.593 [qtp11158002-12] RpiStateRestController - null
java.lang.NullPointerException
	at es.fdvcode.pipool.restsrv.v1.RpiStateRestController.getInfo(RpiStateRestController.java:100) [classes!/:0.0.2-SNAPSHOT]
	at es.fdvcode.pipool.restsrv.v1.RpiStateRestController.info(RpiStateRestController.java:55) [classes!/:0.0.2-SNAPSHOT]
	at sun.reflect.NativeMethodAccessorImpl.invoke0(Native Method) ~[?:1.8.0_131]
	at sun.reflect.NativeMethodAccessorImpl.invoke(NativeMethodAccessorImpl.java:62) ~[?:1.8.0_131]
	at sun.reflect.DelegatingMethodAccessorImpl.invoke(DelegatingMethodAccessorImpl.java:43) ~[?:1.8.0_131]
	at java.lang.reflect.Method.invoke(Method.java:498) ~[?:1.8.0_131]
	at org.springframework.web.method.support.InvocableHandlerMethod.doInvoke(InvocableHandlerMethod.java:220) [spring-web-4.3.5.RELEASE.jar!/:4.3.5.RELEASE]
	at org.springframework.web.method.support.InvocableHandlerMethod.invokeForRequest(InvocableHandlerMethod.java:134) [spring-web-4.3.5.RELEASE.jar!/:4.3.5.RELEASE]
	at org.springframework.web.servlet.mvc.method.annotation.ServletInvocableHandlerMethod.invokeAndHandle(ServletInvocableHandlerMethod.java:116) [spring-webmvc-4.3.5.RELEASE.jar!/:4.3.5.RELEASE]
	at org.springframework.web.servlet.mvc.method.annotation.RequestMappingHandlerAdapter.invokeHandlerMethod(RequestMappingHandlerAdapter.java:827) [spring-webmvc-4.3.5.RELEASE.jar!/:4.3.5.RELEASE]
	at org.springframework.web.servlet.mvc.method.annotation.RequestMappingHandlerAdapter.handleInternal(RequestMappingHandlerAdapter.java:738) [spring-webmvc-4.3.5.RELEASE.jar!/:4.3.5.RELEASE]
	at org.springframework.web.servlet.mvc.method.AbstractHandlerMethodAdapter.handle(AbstractHandlerMethodAdapter.java:85) [spring-webmvc-4.3.5.RELEASE.jar!/:4.3.5.RELEASE]
	at org.springframework.web.servlet.DispatcherServlet.doDispatch(DispatcherServlet.java:963) [spring-webmvc-4.3.5.RELEASE.jar!/:4.3.5.RELEASE]
	at org.springframework.web.servlet.DispatcherServlet.doService(DispatcherServlet.java:897) [spring-webmvc-4.3.5.RELEASE.jar!/:4.3.5.RELEASE]
	at org.springframework.web.servlet.FrameworkServlet.processRequest(FrameworkServlet.java:970) [spring-webmvc-4.3.5.RELEASE.jar!/:4.3.5.RELEASE]
	at org.springframework.web.servlet.FrameworkServlet.doGet(FrameworkServlet.java:861) [spring-webmvc-4.3.5.RELEASE.jar!/:4.3.5.RELEASE]
	at javax.servlet.http.HttpServlet.service(HttpServlet.java:687) [javax.servlet-api-3.1.0.jar!/:3.1.0]
	at org.springframework.web.servlet.FrameworkServlet.service(FrameworkServlet.java:846) [spring-webmvc-4.3.5.RELEASE.jar!/:4.3.5.RELEASE]
	at javax.servlet.http.HttpServlet.service(HttpServlet.java:790) [javax.servlet-api-3.1.0.jar!/:3.1.0]
	at org.eclipse.jetty.servlet.ServletHolder.handle(ServletHolder.java:845) [jetty-servlet-9.3.14.v20161028.jar!/:9.3.14.v20161028]
	at org.eclipse.jetty.servlet.ServletHandler$CachedChain.doFilter(ServletHandler.java:1712) [jetty-servlet-9.3.14.v20161028.jar!/:9.3.14.v20161028]
	at org.eclipse.jetty.websocket.server.WebSocketUpgradeFilter.doFilter(WebSocketUpgradeFilter.java:247) [websocket-server-9.3.14.v20161028.jar!/:9.3.14.v20161028]
	at org.eclipse.jetty.servlet.ServletHandler$CachedChain.doFilter(ServletHandler.java:1699) [jetty-servlet-9.3.14.v20161028.jar!/:9.3.14.v20161028]
	at org.springframework.boot.web.filter.ApplicationContextHeaderFilter.doFilterInternal(ApplicationContextHeaderFilter.java:55) [spring-boot-1.4.3.RELEASE.jar!/:1.4.3.RELEASE]
	at org.springframework.web.filter.OncePerRequestFilter.doFilter(OncePerRequestFilter.java:107) [spring-web-4.3.5.RELEASE.jar!/:4.3.5.RELEASE]
	at org.eclipse.jetty.servlet.ServletHandler$CachedChain.doFilter(ServletHandler.java:1699) [jetty-servlet-9.3.14.v20161028.jar!/:9.3.14.v20161028]
	at org.springframework.boot.actuate.trace.WebRequestTraceFilter.doFilterInternal(WebRequestTraceFilter.java:105) [spring-boot-actuator-1.4.3.RELEASE.jar!/:1.4.3.RELEASE]
	at org.springframework.web.filter.OncePerRequestFilter.doFilter(OncePerRequestFilter.java:107) [spring-web-4.3.5.RELEASE.jar!/:4.3.5.RELEASE]
	at org.eclipse.jetty.servlet.ServletHandler$CachedChain.doFilter(ServletHandler.java:1699) [jetty-servlet-9.3.14.v20161028.jar!/:9.3.14.v20161028]
	at org.springframework.web.filter.RequestContextFilter.doFilterInternal(RequestContextFilter.java:99) [spring-web-4.3.5.RELEASE.jar!/:4.3.5.RELEASE]
	at org.springframework.web.filter.OncePerRequestFilter.doFilter(OncePerRequestFilter.java:107) [spring-web-4.3.5.RELEASE.jar!/:4.3.5.RELEASE]
	at org.eclipse.jetty.servlet.ServletHandler$CachedChain.doFilter(ServletHandler.java:1699) [jetty-servlet-9.3.14.v20161028.jar!/:9.3.14.v20161028]
	at org.springframework.web.filter.HttpPutFormContentFilter.doFilterInternal(HttpPutFormContentFilter.java:89) [spring-web-4.3.5.RELEASE.jar!/:4.3.5.RELEASE]
	at org.springframework.web.filter.OncePerRequestFilter.doFilter(OncePerRequestFilter.java:107) [spring-web-4.3.5.RELEASE.jar!/:4.3.5.RELEASE]
	at org.eclipse.jetty.servlet.ServletHandler$CachedChain.doFilter(ServletHandler.java:1699) [jetty-servlet-9.3.14.v20161028.jar!/:9.3.14.v20161028]
	at org.springframework.web.filter.HiddenHttpMethodFilter.doFilterInternal(HiddenHttpMethodFilter.java:77) [spring-web-4.3.5.RELEASE.jar!/:4.3.5.RELEASE]
	at org.springframework.web.filter.OncePerRequestFilter.doFilter(OncePerRequestFilter.java:107) [spring-web-4.3.5.RELEASE.jar!/:4.3.5.RELEASE]
	at org.eclipse.jetty.servlet.ServletHandler$CachedChain.doFilter(ServletHandler.java:1699) [jetty-servlet-9.3.14.v20161028.jar!/:9.3.14.v20161028]
	at org.springframework.web.filter.CharacterEncodingFilter.doFilterInternal(CharacterEncodingFilter.java:197) [spring-web-4.3.5.RELEASE.jar!/:4.3.5.RELEASE]
	at org.springframework.web.filter.OncePerRequestFilter.doFilter(OncePerRequestFilter.java:107) [spring-web-4.3.5.RELEASE.jar!/:4.3.5.RELEASE]
	at org.eclipse.jetty.servlet.ServletHandler$CachedChain.doFilter(ServletHandler.java:1699) [jetty-servlet-9.3.14.v20161028.jar!/:9.3.14.v20161028]
	at org.springframework.boot.actuate.autoconfigure.MetricsFilter.doFilterInternal(MetricsFilter.java:106) [spring-boot-actuator-1.4.3.RELEASE.jar!/:1.4.3.RELEASE]
	at org.springframework.web.filter.OncePerRequestFilter.doFilter(OncePerRequestFilter.java:107) [spring-web-4.3.5.RELEASE.jar!/:4.3.5.RELEASE]
	at org.eclipse.jetty.servlet.ServletHandler$CachedChain.doFilter(ServletHandler.java:1699) [jetty-servlet-9.3.14.v20161028.jar!/:9.3.14.v20161028]
	at org.eclipse.jetty.servlet.ServletHandler.doHandle(ServletHandler.java:582) [jetty-servlet-9.3.14.v20161028.jar!/:9.3.14.v20161028]
	at org.eclipse.jetty.server.handler.ScopedHandler.handle(ScopedHandler.java:143) [jetty-server-9.3.14.v20161028.jar!/:9.3.14.v20161028]
	at org.eclipse.jetty.security.SecurityHandler.handle(SecurityHandler.java:548) [jetty-security-9.3.14.v20161028.jar!/:9.3.14.v20161028]
	at org.eclipse.jetty.server.session.SessionHandler.doHandle(SessionHandler.java:226) [jetty-server-9.3.14.v20161028.jar!/:9.3.14.v20161028]
	at org.eclipse.jetty.server.handler.ContextHandler.doHandle(ContextHandler.java:1180) [jetty-server-9.3.14.v20161028.jar!/:9.3.14.v20161028]
	at org.eclipse.jetty.servlet.ServletHandler.doScope(ServletHandler.java:512) [jetty-servlet-9.3.14.v20161028.jar!/:9.3.14.v20161028]
	at org.eclipse.jetty.server.session.SessionHandler.doScope(SessionHandler.java:185) [jetty-server-9.3.14.v20161028.jar!/:9.3.14.v20161028]
	at org.eclipse.jetty.server.handler.ContextHandler.doScope(ContextHandler.java:1112) [jetty-server-9.3.14.v20161028.jar!/:9.3.14.v20161028]
	at org.eclipse.jetty.server.handler.ScopedHandler.handle(ScopedHandler.java:141) [jetty-server-9.3.14.v20161028.jar!/:9.3.14.v20161028]
	at org.eclipse.jetty.server.handler.gzip.GzipHandler.handle(GzipHandler.java:462) [jetty-server-9.3.14.v20161028.jar!/:9.3.14.v20161028]
	at org.eclipse.jetty.server.handler.HandlerWrapper.handle(HandlerWrapper.java:134) [jetty-server-9.3.14.v20161028.jar!/:9.3.14.v20161028]
	at org.eclipse.jetty.server.Server.handle(Server.java:534) [jetty-server-9.3.14.v20161028.jar!/:9.3.14.v20161028]
	at org.eclipse.jetty.server.HttpChannel.handle(HttpChannel.java:320) [jetty-server-9.3.14.v20161028.jar!/:9.3.14.v20161028]
	at org.eclipse.jetty.server.HttpConnection.onFillable(HttpConnection.java:251) [jetty-server-9.3.14.v20161028.jar!/:9.3.14.v20161028]
	at org.eclipse.jetty.io.AbstractConnection$ReadCallback.succeeded(AbstractConnection.java:273) [jetty-io-9.3.14.v20161028.jar!/:9.3.14.v20161028]
	at org.eclipse.jetty.io.FillInterest.fillable(FillInterest.java:95) [jetty-io-9.3.14.v20161028.jar!/:9.3.14.v20161028]
	at org.eclipse.jetty.io.SelectChannelEndPoint$2.run(SelectChannelEndPoint.java:93) [jetty-io-9.3.14.v20161028.jar!/:9.3.14.v20161028]
	at org.eclipse.jetty.util.thread.strategy.ExecuteProduceConsume.executeProduceConsume(ExecuteProduceConsume.java:303) [jetty-util-9.3.14.v20161028.jar!/:9.3.14.v20161028]
	at org.eclipse.jetty.util.thread.strategy.ExecuteProduceConsume.produceConsume(ExecuteProduceConsume.java:148) [jetty-util-9.3.14.v20161028.jar!/:9.3.14.v20161028]
	at org.eclipse.jetty.util.thread.strategy.ExecuteProduceConsume.run(ExecuteProduceConsume.java:136) [jetty-util-9.3.14.v20161028.jar!/:9.3.14.v20161028]
	at org.eclipse.jetty.util.thread.QueuedThreadPool.runJob(QueuedThreadPool.java:671) [jetty-util-9.3.14.v20161028.jar!/:9.3.14.v20161028]
	at org.eclipse.jetty.util.thread.QueuedThreadPool$2.run(QueuedThreadPool.java:589) [jetty-util-9.3.14.v20161028.jar!/:9.3.14.v20161028]
	at java.lang.Thread.run(Thread.java:748) [?:1.8.0_131]
[INFO ] 2017-08-11 17:31:54.205 [qtp11158002-12] RpiStateRestController - rPi INFO: [, head=DateTimeAppStarted=Fri Aug 11 15:46:05 CEST 2017, tail=NetworkList=Selected interface 'wlan0'
network id / ssid / bssid / flags
0	WIFI HABITACIONS	any	[CURRENT]
, accessOrder=false]
[INFO ] 2017-08-11 18:12:36.464 [qtp11158002-13] RelesRestController - REST - Get State of All Reles.
[INFO ] 2017-08-11 18:12:36.473 [qtp11158002-13] RelesRestController - Rele id:ReleBomba, releON:true, estatPin:false
[INFO ] 2017-08-11 18:12:36.479 [qtp11158002-13] RelesRestController - Rele id:ReleLlums, releON:false, estatPin:true
[INFO ] 2017-08-11 18:12:36.484 [qtp11158002-13] RelesRestController - Rele id:ReleLfi, releON:true, estatPin:false
[INFO ] 2017-08-11 19:04:37.100 [qtp26701660-16] SondaTempRestController - REST - LED ON All Sondes.
[INFO ] 2017-08-11 19:05:14.344 [qtp26701660-14] SondaTempRestController - REST - Get All Sondes.
[INFO ] 2017-08-11 19:05:14.356 [qtp26701660-14] SondaTempRestController - Sonda Id:SondaTemp, Valor:28.329, Unitats:ºC
[INFO ] 2017-08-11 19:05:14.374 [qtp26701660-14] SondaTempRestController - Sonda Id:SondaORP, Valor:1018.2, Unitats:mV
[INFO ] 2017-08-11 19:05:14.381 [qtp26701660-14] SondaTempRestController - Sonda Id:SondaPH, Valor:0.000, Unitats:ph
[INFO ] 2017-08-11 19:06:34.941 [qtp26701660-10] RelesRestController - REST - Get State of All Reles.
[INFO ] 2017-08-11 19:06:34.950 [qtp26701660-10] RelesRestController - Rele id:ReleBomba, releON:false, estatPin:true
[INFO ] 2017-08-11 19:06:34.956 [qtp26701660-10] RelesRestController - Rele id:ReleLlums, releON:false, estatPin:true
[INFO ] 2017-08-11 19:06:34.962 [qtp26701660-10] RelesRestController - Rele id:ReleLfi, releON:false, estatPin:true
[INFO ] 2017-08-11 19:07:35.931 [qtp26701660-15] RelesRestController - REST - Get State of All Reles.
[INFO ] 2017-08-11 19:07:35.950 [qtp26701660-15] RelesRestController - Rele id:ReleBomba, releON:false, estatPin:true
[INFO ] 2017-08-11 19:07:35.956 [qtp26701660-15] RelesRestController - Rele id:ReleLlums, releON:false, estatPin:true
[INFO ] 2017-08-11 19:07:35.962 [qtp26701660-15] RelesRestController - Rele id:ReleLfi, releON:false, estatPin:true
[INFO ] 2017-08-11 19:08:12.231 [qtp26701660-17] RelesRestController - REST - Set Rele [ON TEMPORAL] with id=ReleBomba, minuts=10.
[INFO ] 2017-08-11 19:08:12.261 [qtp26701660-17] RelesRestController - Rele INFO: -->(es.fdvcode.pipool.model.rele.Rele): [id=ReleBomba, nom=Motor Bomba Filtre, gpioPin=25, gpioStateWhenReleOn=false, idReleMaster=<null>, calendars={2:-->(es.fdvcode.pipool.model.rele.CalendarRele): [id=ProgBombaEstiu, nom=Programació Bomba Estiu, rele=es.fdvcode.pipool.model.rele.Rele@cade70, diaIni=1, mesIni=6, diaFin=30, mesFin=9, listFrangesHoraries={2:-->(es.fdvcode.pipool.model.rele.FranjaHoraria): [horaIni=8, minutIni=0, horaFin=9, minutFin=0], 3:-->(es.fdvcode.pipool.model.rele.FranjaHoraria): [horaIni=11, minutIni=0, horaFin=14, minutFin=0], 4:-->(es.fdvcode.pipool.model.rele.FranjaHoraria): [horaIni=16, minutIni=0, horaFin=19, minutFin=0], 5:-->(es.fdvcode.pipool.model.rele.FranjaHoraria): [horaIni=22, minutIni=0, horaFin=23, minutFin=30]}], 3:-->(es.fdvcode.pipool.model.rele.CalendarRele): [id=ProgBombaHivern, nom=Programació Bomba Hivern, rele=es.fdvcode.pipool.model.rele.Rele@cade70, diaIni=1, mesIni=10, diaFin=30, mesFin=5, listFrangesHoraries={2:-->(es.fdvcode.pipool.model.rele.FranjaHoraria): [horaIni=6, minutIni=0, horaFin=9, minutFin=0], 3:-->(es.fdvcode.pipool.model.rele.FranjaHoraria): [horaIni=21, minutIni=0, horaFin=23, minutFin=30]}]}, stateRele=-->(es.fdvcode.pipool.model.rele.StateRele): [rele=es.fdvcode.pipool.model.rele.Rele@cade70, isOn=true, gpioPinHigh=false, mode=AUTO, timestamp=Fri Aug 11 19:08:12 CEST 2017, descripcio=RELESRV - SET ON TEMPORAL -> Rele=ReleBomba: S'ha establert la franjaTemporal=1981918 i s'ha ACTIVAT RELE [ON]., desactivacioReleMaster=false, activacioTemporal=-->(es.fdvcode.pipool.model.rele.FranjaHoraria): [horaIni=19, minutIni=8, horaFin=19, minutFin=18], activacioProgramada=<null>], historic={2:-->(es.fdvcode.pipool.model.rele.StateRele): [rele=es.fdvcode.pipool.model.rele.Rele@cade70, isOn=true, gpioPinHigh=false, mode=AUTO, timestamp=Fri Aug 11 19:08:12 CEST 2017, descripcio=RELESRV - SET ON TEMPORAL -> Rele=ReleBomba: S'ha establert la franjaTemporal=1981918 i s'ha ACTIVAT RELE [ON]., desactivacioReleMaster=false, activacioTemporal=-->(es.fdvcode.pipool.model.rele.FranjaHoraria): [horaIni=19, minutIni=8, horaFin=19, minutFin=18], activacioProgramada=<null>]}]
[INFO ] 2017-08-11 19:08:23.018 [qtp26701660-10] RelesRestController - REST - Get State of All Reles.
[INFO ] 2017-08-11 19:08:23.027 [qtp26701660-10] RelesRestController - Rele id:ReleBomba, releON:true, estatPin:false
[INFO ] 2017-08-11 19:08:23.035 [qtp26701660-10] RelesRestController - Rele id:ReleLlums, releON:false, estatPin:true
[INFO ] 2017-08-11 19:08:23.043 [qtp26701660-10] RelesRestController - Rele id:ReleLfi, releON:false, estatPin:true
[INFO ] 2017-08-11 23:56:12.010 [qtp8641687-13] SondaTempRestController - REST - LED OFF All Sondes.
